(0000) 3000  0011000000000000 (  37)                 .ORIG x3000
(3000) 5020  0101000000100000 (  44) START           AND   R0 R0 #0
(3001) 5220  0101001000100000 (  46)                 AND   R1 R0 #0
(3002) 5420  0101010000100000 (  48)                 AND   R2 R0 #0
(3003) 5620  0101011000100000 (  50)                 AND   R3 R0 #0
(3004) 5820  0101100000100000 (  52)                 AND   R4 R0 #0
(3005) 5A20  0101101000100000 (  55)                 AND   R5 R0 #0
(3006) 5C20  0101110000100000 (  56)                 AND   R6 R0 #0
(3007) 5E20  0101111000100000 (  57)                 AND   R7 R0 #0
(3008) E01F  1110000000011111 (  61)                 LEA   R0 GREETING
(3009) F022  1111000000100010 (  63)                 TRAP  x22
(300A) E02D  1110000000101101 (  69)                 LEA   R0 PROMPT1
(300B) F022  1111000000100010 (  71)                 TRAP  x22
(300C) F020  1111000000100000 (  76)                 TRAP  x20
(300D) F021  1111000000100001 (  78)                 TRAP  x21
(300E) 30C4  0011000011000100 (  83)                 ST    R0 USERINPUT1
(300F) E072  1110000001110010 (  88)                 LEA   R0 NEWLINE
(3010) F022  1111000000100010 (  90)                 TRAP  x22
(3011) 20C1  0010000011000001 (  95)                 LD    R0 USERINPUT1
(3012) F021  1111000000100001 (  97)                 TRAP  x21
(3013) E046  1110000001000110 ( 103)                 LEA   R0 PROMPT2
(3014) F022  1111000000100010 ( 105)                 TRAP  x22
(3015) F020  1111000000100000 ( 110)                 TRAP  x20
(3016) F021  1111000000100001 ( 112)                 TRAP  x21
(3017) 30BC  0011000010111100 ( 117)                 ST    R0 USERINPUT2
(3018) E069  1110000001101001 ( 121)                 LEA   R0 NEWLINE
(3019) F022  1111000000100010 ( 123)                 TRAP  x22
(301A) 20B9  0010000010111001 ( 127)                 LD    R0 USERINPUT2
(301B) F021  1111000000100001 ( 129)                 TRAP  x21
(301C) E082  1110000010000010 ( 134)                 LEA   R0 SUB_RESULT
(301D) F022  1111000000100010 ( 136)                 TRAP  x22
(301E) 28B6  0010100010110110 ( 145)                 LD    R4 ASCII
(301F) 22B3  0010001010110011 ( 148)                 LD    R1 USERINPUT1
(3020) 1244  0001001001000100 ( 151)                 ADD   R1 R1 R4
(3021) 24B2  0010010010110010 ( 154)                 LD    R2 USERINPUT2
(3022) 94BF  1001010010111111 ( 160)                 NOT   R2 R2
(3023) 14A1  0001010010100001 ( 162)                 ADD   R2 R2 #1
(3024) 1042  0001000001000010 ( 167)                 ADD   R0 R1 R2
(3025) B0AC  1011000010101100 ( 170)                 STI   R0 SUBTRACTION
(3026) F021  1111000000100001 ( 174)                 TRAP  x21
(3027) F025  1111000000100101 ( 178)                 TRAP  x25
(3028) 000A  0000000000001010 ( 181) GREETING        .FILL x000A
(3029) 0048  0000000001001000 ( 181)                 .FILL x0048
(302A) 0065  0000000001100101 ( 181)                 .FILL x0065
(302B) 006C  0000000001101100 ( 181)                 .FILL x006C
(302C) 006C  0000000001101100 ( 181)                 .FILL x006C
(302D) 006F  0000000001101111 ( 181)                 .FILL x006F
(302E) 002C  0000000000101100 ( 181)                 .FILL x002C
(302F) 0020  0000000000100000 ( 181)                 .FILL x0020
(3030) 0074  0000000001110100 ( 181)                 .FILL x0074
(3031) 0068  0000000001101000 ( 181)                 .FILL x0068
(3032) 0065  0000000001100101 ( 181)                 .FILL x0065
(3033) 0072  0000000001110010 ( 181)                 .FILL x0072
(3034) 0065  0000000001100101 ( 181)                 .FILL x0065
(3035) 0021  0000000000100001 ( 181)                 .FILL x0021
(3036) 000A  0000000000001010 ( 181)                 .FILL x000A
(3037) 0000  0000000000000000 ( 181)                 .FILL x0000
(3038) 000A  0000000000001010 ( 183) PROMPT1         .FILL x000A
(3039) 0050  0000000001010000 ( 183)                 .FILL x0050
(303A) 006C  0000000001101100 ( 183)                 .FILL x006C
(303B) 0065  0000000001100101 ( 183)                 .FILL x0065
(303C) 0061  0000000001100001 ( 183)                 .FILL x0061
(303D) 0073  0000000001110011 ( 183)                 .FILL x0073
(303E) 0065  0000000001100101 ( 183)                 .FILL x0065
(303F) 0020  0000000000100000 ( 183)                 .FILL x0020
(3040) 0065  0000000001100101 ( 183)                 .FILL x0065
(3041) 006E  0000000001101110 ( 183)                 .FILL x006E
(3042) 0074  0000000001110100 ( 183)                 .FILL x0074
(3043) 0065  0000000001100101 ( 183)                 .FILL x0065
(3044) 0072  0000000001110010 ( 183)                 .FILL x0072
(3045) 0020  0000000000100000 ( 183)                 .FILL x0020
(3046) 0061  0000000001100001 ( 183)                 .FILL x0061
(3047) 0020  0000000000100000 ( 183)                 .FILL x0020
(3048) 0031  0000000000110001 ( 183)                 .FILL x0031
(3049) 002D  0000000000101101 ( 183)                 .FILL x002D
(304A) 0064  0000000001100100 ( 183)                 .FILL x0064
(304B) 0069  0000000001101001 ( 183)                 .FILL x0069
(304C) 0067  0000000001100111 ( 183)                 .FILL x0067
(304D) 0069  0000000001101001 ( 183)                 .FILL x0069
(304E) 0074  0000000001110100 ( 183)                 .FILL x0074
(304F) 0020  0000000000100000 ( 183)                 .FILL x0020
(3050) 006E  0000000001101110 ( 183)                 .FILL x006E
(3051) 0075  0000000001110101 ( 183)                 .FILL x0075
(3052) 006D  0000000001101101 ( 183)                 .FILL x006D
(3053) 0062  0000000001100010 ( 183)                 .FILL x0062
(3054) 0065  0000000001100101 ( 183)                 .FILL x0065
(3055) 0072  0000000001110010 ( 183)                 .FILL x0072
(3056) 003A  0000000000111010 ( 183)                 .FILL x003A
(3057) 0020  0000000000100000 ( 183)                 .FILL x0020
(3058) 000A  0000000000001010 ( 183)                 .FILL x000A
(3059) 0000  0000000000000000 ( 183)                 .FILL x0000
(305A) 000A  0000000000001010 ( 185) PROMPT2         .FILL x000A
(305B) 0050  0000000001010000 ( 185)                 .FILL x0050
(305C) 006C  0000000001101100 ( 185)                 .FILL x006C
(305D) 0065  0000000001100101 ( 185)                 .FILL x0065
(305E) 0061  0000000001100001 ( 185)                 .FILL x0061
(305F) 0073  0000000001110011 ( 185)                 .FILL x0073
(3060) 0065  0000000001100101 ( 185)                 .FILL x0065
(3061) 0020  0000000000100000 ( 185)                 .FILL x0020
(3062) 0065  0000000001100101 ( 185)                 .FILL x0065
(3063) 006E  0000000001101110 ( 185)                 .FILL x006E
(3064) 0074  0000000001110100 ( 185)                 .FILL x0074
(3065) 0065  0000000001100101 ( 185)                 .FILL x0065
(3066) 0072  0000000001110010 ( 185)                 .FILL x0072
(3067) 0020  0000000000100000 ( 185)                 .FILL x0020
(3068) 0061  0000000001100001 ( 185)                 .FILL x0061
(3069) 006E  0000000001101110 ( 185)                 .FILL x006E
(306A) 006F  0000000001101111 ( 185)                 .FILL x006F
(306B) 0074  0000000001110100 ( 185)                 .FILL x0074
(306C) 0068  0000000001101000 ( 185)                 .FILL x0068
(306D) 0065  0000000001100101 ( 185)                 .FILL x0065
(306E) 0072  0000000001110010 ( 185)                 .FILL x0072
(306F) 0020  0000000000100000 ( 185)                 .FILL x0020
(3070) 0031  0000000000110001 ( 185)                 .FILL x0031
(3071) 002D  0000000000101101 ( 185)                 .FILL x002D
(3072) 0064  0000000001100100 ( 185)                 .FILL x0064
(3073) 0069  0000000001101001 ( 185)                 .FILL x0069
(3074) 0067  0000000001100111 ( 185)                 .FILL x0067
(3075) 0069  0000000001101001 ( 185)                 .FILL x0069
(3076) 0074  0000000001110100 ( 185)                 .FILL x0074
(3077) 0020  0000000000100000 ( 185)                 .FILL x0020
(3078) 006E  0000000001101110 ( 185)                 .FILL x006E
(3079) 0075  0000000001110101 ( 185)                 .FILL x0075
(307A) 006D  0000000001101101 ( 185)                 .FILL x006D
(307B) 0062  0000000001100010 ( 185)                 .FILL x0062
(307C) 0065  0000000001100101 ( 185)                 .FILL x0065
(307D) 0072  0000000001110010 ( 185)                 .FILL x0072
(307E) 003A  0000000000111010 ( 185)                 .FILL x003A
(307F) 0020  0000000000100000 ( 185)                 .FILL x0020
(3080) 000A  0000000000001010 ( 185)                 .FILL x000A
(3081) 0000  0000000000000000 ( 185)                 .FILL x0000
(3082) 000A  0000000000001010 ( 187) NEWLINE         .FILL x000A
(3083) 0054  0000000001010100 ( 187)                 .FILL x0054
(3084) 0068  0000000001101000 ( 187)                 .FILL x0068
(3085) 0065  0000000001100101 ( 187)                 .FILL x0065
(3086) 0020  0000000000100000 ( 187)                 .FILL x0020
(3087) 006E  0000000001101110 ( 187)                 .FILL x006E
(3088) 0075  0000000001110101 ( 187)                 .FILL x0075
(3089) 006D  0000000001101101 ( 187)                 .FILL x006D
(308A) 0062  0000000001100010 ( 187)                 .FILL x0062
(308B) 0065  0000000001100101 ( 187)                 .FILL x0065
(308C) 0072  0000000001110010 ( 187)                 .FILL x0072
(308D) 0020  0000000000100000 ( 187)                 .FILL x0020
(308E) 0079  0000000001111001 ( 187)                 .FILL x0079
(308F) 006F  0000000001101111 ( 187)                 .FILL x006F
(3090) 0075  0000000001110101 ( 187)                 .FILL x0075
(3091) 0020  0000000000100000 ( 187)                 .FILL x0020
(3092) 0065  0000000001100101 ( 187)                 .FILL x0065
(3093) 006E  0000000001101110 ( 187)                 .FILL x006E
(3094) 0074  0000000001110100 ( 187)                 .FILL x0074
(3095) 0065  0000000001100101 ( 187)                 .FILL x0065
(3096) 0072  0000000001110010 ( 187)                 .FILL x0072
(3097) 0065  0000000001100101 ( 187)                 .FILL x0065
(3098) 0064  0000000001100100 ( 187)                 .FILL x0064
(3099) 0020  0000000000100000 ( 187)                 .FILL x0020
(309A) 0069  0000000001101001 ( 187)                 .FILL x0069
(309B) 0073  0000000001110011 ( 187)                 .FILL x0073
(309C) 003A  0000000000111010 ( 187)                 .FILL x003A
(309D) 0020  0000000000100000 ( 187)                 .FILL x0020
(309E) 0000  0000000000000000 ( 187)                 .FILL x0000
(309F) 000A  0000000000001010 ( 189) SUB_RESULT      .FILL x000A
(30A0) 0054  0000000001010100 ( 189)                 .FILL x0054
(30A1) 0068  0000000001101000 ( 189)                 .FILL x0068
(30A2) 0065  0000000001100101 ( 189)                 .FILL x0065
(30A3) 0020  0000000000100000 ( 189)                 .FILL x0020
(30A4) 0053  0000000001010011 ( 189)                 .FILL x0053
(30A5) 0055  0000000001010101 ( 189)                 .FILL x0055
(30A6) 0042  0000000001000010 ( 189)                 .FILL x0042
(30A7) 0054  0000000001010100 ( 189)                 .FILL x0054
(30A8) 0052  0000000001010010 ( 189)                 .FILL x0052
(30A9) 0041  0000000001000001 ( 189)                 .FILL x0041
(30AA) 0043  0000000001000011 ( 189)                 .FILL x0043
(30AB) 0054  0000000001010100 ( 189)                 .FILL x0054
(30AC) 0049  0000000001001001 ( 189)                 .FILL x0049
(30AD) 004F  0000000001001111 ( 189)                 .FILL x004F
(30AE) 004E  0000000001001110 ( 189)                 .FILL x004E
(30AF) 0020  0000000000100000 ( 189)                 .FILL x0020
(30B0) 0072  0000000001110010 ( 189)                 .FILL x0072
(30B1) 0065  0000000001100101 ( 189)                 .FILL x0065
(30B2) 0073  0000000001110011 ( 189)                 .FILL x0073
(30B3) 0075  0000000001110101 ( 189)                 .FILL x0075
(30B4) 006C  0000000001101100 ( 189)                 .FILL x006C
(30B5) 0074  0000000001110100 ( 189)                 .FILL x0074
(30B6) 0020  0000000000100000 ( 189)                 .FILL x0020
(30B7) 006F  0000000001101111 ( 189)                 .FILL x006F
(30B8) 0066  0000000001100110 ( 189)                 .FILL x0066
(30B9) 0020  0000000000100000 ( 189)                 .FILL x0020
(30BA) 0074  0000000001110100 ( 189)                 .FILL x0074
(30BB) 0068  0000000001101000 ( 189)                 .FILL x0068
(30BC) 0065  0000000001100101 ( 189)                 .FILL x0065
(30BD) 0073  0000000001110011 ( 189)                 .FILL x0073
(30BE) 0065  0000000001100101 ( 189)                 .FILL x0065
(30BF) 0020  0000000000100000 ( 189)                 .FILL x0020
(30C0) 0074  0000000001110100 ( 189)                 .FILL x0074
(30C1) 0077  0000000001110111 ( 189)                 .FILL x0077
(30C2) 006F  0000000001101111 ( 189)                 .FILL x006F
(30C3) 0020  0000000000100000 ( 189)                 .FILL x0020
(30C4) 006E  0000000001101110 ( 189)                 .FILL x006E
(30C5) 0075  0000000001110101 ( 189)                 .FILL x0075
(30C6) 006D  0000000001101101 ( 189)                 .FILL x006D
(30C7) 0062  0000000001100010 ( 189)                 .FILL x0062
(30C8) 0065  0000000001100101 ( 189)                 .FILL x0065
(30C9) 0072  0000000001110010 ( 189)                 .FILL x0072
(30CA) 0073  0000000001110011 ( 189)                 .FILL x0073
(30CB) 0020  0000000000100000 ( 189)                 .FILL x0020
(30CC) 0069  0000000001101001 ( 189)                 .FILL x0069
(30CD) 0073  0000000001110011 ( 189)                 .FILL x0073
(30CE) 003A  0000000000111010 ( 189)                 .FILL x003A
(30CF) 0020  0000000000100000 ( 189)                 .FILL x0020
(30D0) 000A  0000000000001010 ( 189)                 .FILL x000A
(30D1) 0000  0000000000000000 ( 189)                 .FILL x0000
(30D2) 3100  0011000100000000 ( 194) SUBTRACTION     .FILL x3100
(30D3) 4100  0100000100000000 ( 195) USERINPUT1      .FILL x4100
(30D4) 4101  0100000100000001 ( 197) USERINPUT2      .FILL x4101
(30D5) 0030  0000000000110000 ( 199) ASCII           .FILL x0030
(30D6) FFD0  1111111111010000 ( 200) ASCII_OFFSET    .FILL xFFD0
