(0000) 3000  0011000000000000 (  37)                 .ORIG x3000
(3000) 5020  0101000000100000 (  44) START           AND   R0 R0 #0
(3001) 5220  0101001000100000 (  46)                 AND   R1 R0 #0
(3002) 5420  0101010000100000 (  48)                 AND   R2 R0 #0
(3003) 5620  0101011000100000 (  50)                 AND   R3 R0 #0
(3004) 5820  0101100000100000 (  52)                 AND   R4 R0 #0
(3005) 5A20  0101101000100000 (  55)                 AND   R5 R0 #0
(3006) 5C20  0101110000100000 (  56)                 AND   R6 R0 #0
(3007) 5E20  0101111000100000 (  57)                 AND   R7 R0 #0
(3008) E057  1110000001010111 (  62)                 LEA   R0 GREETING
(3009) F022  1111000000100010 (  64)                 TRAP  x22
(300A) E065  1110000001100101 (  67)                 LEA   R0 PROMPT1
(300B) F022  1111000000100010 (  69)                 TRAP  x22
(300C) F020  1111000000100000 (  72)                 TRAP  x20
(300D) F021  1111000000100001 (  73)                 TRAP  x21
(300E) 30AB  0011000010101011 (  76)                 ST    R0 USERINPUT1
(300F) E018  1110000000011000 (  81)                 LEA   R0 NEWLINE
(3010) F022  1111000000100010 (  83)                 TRAP  x22
(3011) 20A8  0010000010101000 (  86)                 LD    R0 USERINPUT1
(3012) F021  1111000000100001 (  88)                 TRAP  x21
(3013) E07E  1110000001111110 (  92)                 LEA   R0 PROMPT2
(3014) F022  1111000000100010 (  94)                 TRAP  x22
(3015) F020  1111000000100000 (  97)                 TRAP  x20
(3016) F021  1111000000100001 (  98)                 TRAP  x21
(3017) 30A3  0011000010100011 ( 101)                 ST    R0 USERINPUT2
(3018) E00F  1110000000001111 ( 105)                 LEA   R0 NEWLINE
(3019) F022  1111000000100010 ( 107)                 TRAP  x22
(301A) 20A0  0010000010100000 ( 110)                 LD    R0 USERINPUT2
(301B) F021  1111000000100001 ( 112)                 TRAP  x21
(301C) E0F5  1110000011110101 ( 118)                 LEA   R0 SUB_RESULT
(301D) F022  1111000000100010 ( 120)                 TRAP  x22
(301E) 2808  0010100000001000 ( 122)                 LD    R4 ASCII
(301F) 229A  0010001010011010 ( 125)                 LD    R1 USERINPUT1
(3020) 1244  0001001001000100 ( 128)                 ADD   R1 R1 R4
(3021) 2499  0010010010011001 ( 131)                 LD    R2 USERINPUT2
(3022) 94BF  1001010010111111 ( 137)                 NOT   R2 R2
(3023) 14A1  0001010010100001 ( 139)                 ADD   R2 R2 #1
(3024) 1042  0001000001000010 ( 144)                 ADD   R0 R1 R2
(3025) B0B5  1011000010110101 ( 147)                 STI   R0 SUBTRACTION
(3026) F021  1111000000100001 ( 151)                 TRAP  x21
(3027) 0030  0000000000110000 ( 155) ASCII           .FILL x0030
(3028) 000A  0000000000001010 ( 157) NEWLINE         .FILL x000A
(3029) 0054  0000000001010100 ( 157)                 .FILL x0054
(302A) 0068  0000000001101000 ( 157)                 .FILL x0068
(302B) 0065  0000000001100101 ( 157)                 .FILL x0065
(302C) 0020  0000000000100000 ( 157)                 .FILL x0020
(302D) 006E  0000000001101110 ( 157)                 .FILL x006E
(302E) 0075  0000000001110101 ( 157)                 .FILL x0075
(302F) 006D  0000000001101101 ( 157)                 .FILL x006D
(3030) 0062  0000000001100010 ( 157)                 .FILL x0062
(3031) 0065  0000000001100101 ( 157)                 .FILL x0065
(3032) 0072  0000000001110010 ( 157)                 .FILL x0072
(3033) 0020  0000000000100000 ( 157)                 .FILL x0020
(3034) 0079  0000000001111001 ( 157)                 .FILL x0079
(3035) 006F  0000000001101111 ( 157)                 .FILL x006F
(3036) 0075  0000000001110101 ( 157)                 .FILL x0075
(3037) 0020  0000000000100000 ( 157)                 .FILL x0020
(3038) 0065  0000000001100101 ( 157)                 .FILL x0065
(3039) 006E  0000000001101110 ( 157)                 .FILL x006E
(303A) 0074  0000000001110100 ( 157)                 .FILL x0074
(303B) 0065  0000000001100101 ( 157)                 .FILL x0065
(303C) 0072  0000000001110010 ( 157)                 .FILL x0072
(303D) 0065  0000000001100101 ( 157)                 .FILL x0065
(303E) 0064  0000000001100100 ( 157)                 .FILL x0064
(303F) 0020  0000000000100000 ( 157)                 .FILL x0020
(3040) 0069  0000000001101001 ( 157)                 .FILL x0069
(3041) 0073  0000000001110011 ( 157)                 .FILL x0073
(3042) 003A  0000000000111010 ( 157)                 .FILL x003A
(3043) 0020  0000000000100000 ( 157)                 .FILL x0020
(3044) 0000  0000000000000000 ( 157)                 .FILL x0000
(3045) 56E0  0101011011100000 ( 167)                 AND   R3 R3 #0
(3046) 5920  0101100100100000 ( 171)                 AND   R4 R4 #0
(3047) 2AFF  0010101011111111 ( 175)                 LD    R5 ASCII_OFFSET
(3048) 2271  0010001001110001 ( 180)                 LD    R1 USERINPUT1
(3049) 1245  0001001001000101 ( 184)                 ADD   R1 R1 R5
(304A) 2470  0010010001110000 ( 189)                 LD    R2 USERINPUT2
(304B) 1485  0001010010000101 ( 191)                 ADD   R2 R2 R5
(304C) 16C1  0001011011000001 ( 200) MULTIPLY        ADD   R3 R3 R1
(304D) 14BF  0001010010111111 ( 204)                 ADD   R2 R2 #-1
(304E) 03FD  0000001111111101 ( 206)                 BRP   MULTIPLY
(304F) B68A  1011011010001010 ( 210)                 STI   R3 MULTIPLICATION
(3050) 1921  0001100100100001 ( 218) CORRECT         ADD   R4 R4 #1
(3051) 16F6  0001011011110110 ( 219)                 ADD   R3 R3 #-10
(3052) 0802  0000100000000010 ( 220)                 BRN   NEG
(3053) 0403  0000010000000011 ( 221)                 BRZ   Z
(3054) 03FB  0000001111111011 ( 222)                 BRP   CORRECT
(3055) 193F  0001100100111111 ( 225) NEG             ADD   R4 R4 #-1
(3056) 16EA  0001011011101010 ( 226)                 ADD   R3 R3 #10
(3057) 2BCF  0010101111001111 ( 228) Z               LD    R5 ASCII
(3058) 38ED  0011100011101101 ( 230)                 ST    R4 SECOND
(3059) 36EB  0011011011101011 ( 232)                 ST    R3 FIRST
(305A) E081  1110000010000001 ( 235)                 LEA   R0 MULT_RESULT
(305B) F022  1111000000100010 ( 236)                 TRAP  x22
(305C) 1105  0001000100000101 ( 238)                 ADD   R0 R4 R5
(305D) F021  1111000000100001 ( 239)                 TRAP  x21
(305E) 10C5  0001000011000101 ( 241)                 ADD   R0 R3 R5
(305F) F021  1111000000100001 ( 242)                 TRAP  x21
(3060) 000A  0000000000001010 ( 245) GREETING        .FILL x000A
(3061) 0048  0000000001001000 ( 245)                 .FILL x0048
(3062) 0065  0000000001100101 ( 245)                 .FILL x0065
(3063) 006C  0000000001101100 ( 245)                 .FILL x006C
(3064) 006C  0000000001101100 ( 245)                 .FILL x006C
(3065) 006F  0000000001101111 ( 245)                 .FILL x006F
(3066) 002C  0000000000101100 ( 245)                 .FILL x002C
(3067) 0020  0000000000100000 ( 245)                 .FILL x0020
(3068) 0074  0000000001110100 ( 245)                 .FILL x0074
(3069) 0068  0000000001101000 ( 245)                 .FILL x0068
(306A) 0065  0000000001100101 ( 245)                 .FILL x0065
(306B) 0072  0000000001110010 ( 245)                 .FILL x0072
(306C) 0065  0000000001100101 ( 245)                 .FILL x0065
(306D) 0021  0000000000100001 ( 245)                 .FILL x0021
(306E) 000A  0000000000001010 ( 245)                 .FILL x000A
(306F) 0000  0000000000000000 ( 245)                 .FILL x0000
(3070) 000A  0000000000001010 ( 247) PROMPT1         .FILL x000A
(3071) 0050  0000000001010000 ( 247)                 .FILL x0050
(3072) 006C  0000000001101100 ( 247)                 .FILL x006C
(3073) 0065  0000000001100101 ( 247)                 .FILL x0065
(3074) 0061  0000000001100001 ( 247)                 .FILL x0061
(3075) 0073  0000000001110011 ( 247)                 .FILL x0073
(3076) 0065  0000000001100101 ( 247)                 .FILL x0065
(3077) 0020  0000000000100000 ( 247)                 .FILL x0020
(3078) 0065  0000000001100101 ( 247)                 .FILL x0065
(3079) 006E  0000000001101110 ( 247)                 .FILL x006E
(307A) 0074  0000000001110100 ( 247)                 .FILL x0074
(307B) 0065  0000000001100101 ( 247)                 .FILL x0065
(307C) 0072  0000000001110010 ( 247)                 .FILL x0072
(307D) 0020  0000000000100000 ( 247)                 .FILL x0020
(307E) 0061  0000000001100001 ( 247)                 .FILL x0061
(307F) 0020  0000000000100000 ( 247)                 .FILL x0020
(3080) 0031  0000000000110001 ( 247)                 .FILL x0031
(3081) 002D  0000000000101101 ( 247)                 .FILL x002D
(3082) 0064  0000000001100100 ( 247)                 .FILL x0064
(3083) 0069  0000000001101001 ( 247)                 .FILL x0069
(3084) 0067  0000000001100111 ( 247)                 .FILL x0067
(3085) 0069  0000000001101001 ( 247)                 .FILL x0069
(3086) 0074  0000000001110100 ( 247)                 .FILL x0074
(3087) 0020  0000000000100000 ( 247)                 .FILL x0020
(3088) 006E  0000000001101110 ( 247)                 .FILL x006E
(3089) 0075  0000000001110101 ( 247)                 .FILL x0075
(308A) 006D  0000000001101101 ( 247)                 .FILL x006D
(308B) 0062  0000000001100010 ( 247)                 .FILL x0062
(308C) 0065  0000000001100101 ( 247)                 .FILL x0065
(308D) 0072  0000000001110010 ( 247)                 .FILL x0072
(308E) 003A  0000000000111010 ( 247)                 .FILL x003A
(308F) 0020  0000000000100000 ( 247)                 .FILL x0020
(3090) 000A  0000000000001010 ( 247)                 .FILL x000A
(3091) 0000  0000000000000000 ( 247)                 .FILL x0000
(3092) 000A  0000000000001010 ( 249) PROMPT2         .FILL x000A
(3093) 0050  0000000001010000 ( 249)                 .FILL x0050
(3094) 006C  0000000001101100 ( 249)                 .FILL x006C
(3095) 0065  0000000001100101 ( 249)                 .FILL x0065
(3096) 0061  0000000001100001 ( 249)                 .FILL x0061
(3097) 0073  0000000001110011 ( 249)                 .FILL x0073
(3098) 0065  0000000001100101 ( 249)                 .FILL x0065
(3099) 0020  0000000000100000 ( 249)                 .FILL x0020
(309A) 0065  0000000001100101 ( 249)                 .FILL x0065
(309B) 006E  0000000001101110 ( 249)                 .FILL x006E
(309C) 0074  0000000001110100 ( 249)                 .FILL x0074
(309D) 0065  0000000001100101 ( 249)                 .FILL x0065
(309E) 0072  0000000001110010 ( 249)                 .FILL x0072
(309F) 0020  0000000000100000 ( 249)                 .FILL x0020
(30A0) 0061  0000000001100001 ( 249)                 .FILL x0061
(30A1) 006E  0000000001101110 ( 249)                 .FILL x006E
(30A2) 006F  0000000001101111 ( 249)                 .FILL x006F
(30A3) 0074  0000000001110100 ( 249)                 .FILL x0074
(30A4) 0068  0000000001101000 ( 249)                 .FILL x0068
(30A5) 0065  0000000001100101 ( 249)                 .FILL x0065
(30A6) 0072  0000000001110010 ( 249)                 .FILL x0072
(30A7) 0020  0000000000100000 ( 249)                 .FILL x0020
(30A8) 0031  0000000000110001 ( 249)                 .FILL x0031
(30A9) 002D  0000000000101101 ( 249)                 .FILL x002D
(30AA) 0064  0000000001100100 ( 249)                 .FILL x0064
(30AB) 0069  0000000001101001 ( 249)                 .FILL x0069
(30AC) 0067  0000000001100111 ( 249)                 .FILL x0067
(30AD) 0069  0000000001101001 ( 249)                 .FILL x0069
(30AE) 0074  0000000001110100 ( 249)                 .FILL x0074
(30AF) 0020  0000000000100000 ( 249)                 .FILL x0020
(30B0) 006E  0000000001101110 ( 249)                 .FILL x006E
(30B1) 0075  0000000001110101 ( 249)                 .FILL x0075
(30B2) 006D  0000000001101101 ( 249)                 .FILL x006D
(30B3) 0062  0000000001100010 ( 249)                 .FILL x0062
(30B4) 0065  0000000001100101 ( 249)                 .FILL x0065
(30B5) 0072  0000000001110010 ( 249)                 .FILL x0072
(30B6) 003A  0000000000111010 ( 249)                 .FILL x003A
(30B7) 0020  0000000000100000 ( 249)                 .FILL x0020
(30B8) 000A  0000000000001010 ( 249)                 .FILL x000A
(30B9) 0000  0000000000000000 ( 249)                 .FILL x0000
(30BA) 4100  0100000100000000 ( 253) USERINPUT1      .FILL x4100
(30BB) 4101  0100000100000001 ( 255) USERINPUT2      .FILL x4101
(30BC) 2A8A  0010101010001010 ( 261)                 LD    R5 ASCII_OFFSET
(30BD) 23FC  0010001111111100 ( 263)                 LD    R1 USERINPUT1
(30BE) 1245  0001001001000101 ( 265)                 ADD   R1 R1 R5
(30BF) 25FB  0010010111111011 ( 267)                 LD    R2 USERINPUT2
(30C0) 1485  0001010010000101 ( 269)                 ADD   R2 R2 R5
(30C1) 5DA0  0101110110100000 ( 272)                 AND   R6 R6 #0
(30C2) 5920  0101100100100000 ( 275)                 AND   R4 R4 #0
(30C3) 96BF  1001011010111111 ( 277)                 NOT   R3 R2
(30C4) 16E1  0001011011100001 ( 278)                 ADD   R3 R3 #1
(30C5) 1921  0001100100100001 ( 285) LOOPD           ADD   R4 R4 #1
(30C6) 1243  0001001001000011 ( 286)                 ADD   R1 R1 R3
(30C7) 0802  0000100000000010 ( 287)                 BRN   NEGATIVE
(30C8) 0403  0000010000000011 ( 288)                 BRZ   ZERO
(30C9) 03FB  0000001111111011 ( 289)                 BRP   LOOPD
(30CA) 193F  0001100100111111 ( 293) NEGATIVE        ADD   R4 R4 #-1
(30CB) 1C42  0001110001000010 ( 294)                 ADD   R6 R1 R2
(30CC) 2B5A  0010101101011010 ( 297) ZERO            LD    R5 ASCII
(30CD) BC09  1011110000001001 ( 301)                 STI   R6 DIVISION
(30CE) B809  1011100000001001 ( 302)                 STI   R4 R
(30CF) E078  1110000001111000 ( 305)                 LEA   R0 DIV_RESULT
(30D0) F022  1111000000100010 ( 306)                 TRAP  x22
(30D1) 1105  0001000100000101 ( 308)                 ADD   R0 R4 R5
(30D2) F021  1111000000100001 ( 309)                 TRAP  x21
(30D3) E0A4  1110000010100100 ( 312)                 LEA   R0 REM
(30D4) F022  1111000000100010 ( 313)                 TRAP  x22
(30D5) 1185  0001000110000101 ( 315)                 ADD   R0 R6 R5
(30D6) F021  1111000000100001 ( 316)                 TRAP  x21
(30D7) 3102  0011000100000010 ( 319) DIVISION        .FILL x3102
(30D8) 3103  0011000100000011 ( 322) R               .FILL x3103
(30D9) F025  1111000000100101 ( 324)                 TRAP  x25
(30DA) 3101  0011000100000001 ( 327) MULTIPLICATION  .FILL x3101
(30DB) 3100  0011000100000000 ( 328) SUBTRACTION     .FILL x3100
(30DC) 000A  0000000000001010 ( 330) MULT_RESULT     .FILL x000A
(30DD) 0054  0000000001010100 ( 330)                 .FILL x0054
(30DE) 0068  0000000001101000 ( 330)                 .FILL x0068
(30DF) 0065  0000000001100101 ( 330)                 .FILL x0065
(30E0) 0020  0000000000100000 ( 330)                 .FILL x0020
(30E1) 004D  0000000001001101 ( 330)                 .FILL x004D
(30E2) 0055  0000000001010101 ( 330)                 .FILL x0055
(30E3) 004C  0000000001001100 ( 330)                 .FILL x004C
(30E4) 0054  0000000001010100 ( 330)                 .FILL x0054
(30E5) 0049  0000000001001001 ( 330)                 .FILL x0049
(30E6) 0050  0000000001010000 ( 330)                 .FILL x0050
(30E7) 004C  0000000001001100 ( 330)                 .FILL x004C
(30E8) 0049  0000000001001001 ( 330)                 .FILL x0049
(30E9) 0043  0000000001000011 ( 330)                 .FILL x0043
(30EA) 0041  0000000001000001 ( 330)                 .FILL x0041
(30EB) 0054  0000000001010100 ( 330)                 .FILL x0054
(30EC) 0049  0000000001001001 ( 330)                 .FILL x0049
(30ED) 004F  0000000001001111 ( 330)                 .FILL x004F
(30EE) 004E  0000000001001110 ( 330)                 .FILL x004E
(30EF) 0020  0000000000100000 ( 330)                 .FILL x0020
(30F0) 0072  0000000001110010 ( 330)                 .FILL x0072
(30F1) 0065  0000000001100101 ( 330)                 .FILL x0065
(30F2) 0073  0000000001110011 ( 330)                 .FILL x0073
(30F3) 0075  0000000001110101 ( 330)                 .FILL x0075
(30F4) 006C  0000000001101100 ( 330)                 .FILL x006C
(30F5) 0074  0000000001110100 ( 330)                 .FILL x0074
(30F6) 0020  0000000000100000 ( 330)                 .FILL x0020
(30F7) 006F  0000000001101111 ( 330)                 .FILL x006F
(30F8) 0066  0000000001100110 ( 330)                 .FILL x0066
(30F9) 0020  0000000000100000 ( 330)                 .FILL x0020
(30FA) 0074  0000000001110100 ( 330)                 .FILL x0074
(30FB) 0068  0000000001101000 ( 330)                 .FILL x0068
(30FC) 0065  0000000001100101 ( 330)                 .FILL x0065
(30FD) 0073  0000000001110011 ( 330)                 .FILL x0073
(30FE) 0065  0000000001100101 ( 330)                 .FILL x0065
(30FF) 0020  0000000000100000 ( 330)                 .FILL x0020
(3100) 0074  0000000001110100 ( 330)                 .FILL x0074
(3101) 0077  0000000001110111 ( 330)                 .FILL x0077
(3102) 006F  0000000001101111 ( 330)                 .FILL x006F
(3103) 0020  0000000000100000 ( 330)                 .FILL x0020
(3104) 006E  0000000001101110 ( 330)                 .FILL x006E
(3105) 0075  0000000001110101 ( 330)                 .FILL x0075
(3106) 006D  0000000001101101 ( 330)                 .FILL x006D
(3107) 0062  0000000001100010 ( 330)                 .FILL x0062
(3108) 0065  0000000001100101 ( 330)                 .FILL x0065
(3109) 0072  0000000001110010 ( 330)                 .FILL x0072
(310A) 0073  0000000001110011 ( 330)                 .FILL x0073
(310B) 0020  0000000000100000 ( 330)                 .FILL x0020
(310C) 0069  0000000001101001 ( 330)                 .FILL x0069
(310D) 0073  0000000001110011 ( 330)                 .FILL x0073
(310E) 003A  0000000000111010 ( 330)                 .FILL x003A
(310F) 0020  0000000000100000 ( 330)                 .FILL x0020
(3110) 000A  0000000000001010 ( 330)                 .FILL x000A
(3111) 0000  0000000000000000 ( 330)                 .FILL x0000
(3112) 000A  0000000000001010 ( 332) SUB_RESULT      .FILL x000A
(3113) 0054  0000000001010100 ( 332)                 .FILL x0054
(3114) 0068  0000000001101000 ( 332)                 .FILL x0068
(3115) 0065  0000000001100101 ( 332)                 .FILL x0065
(3116) 0020  0000000000100000 ( 332)                 .FILL x0020
(3117) 0053  0000000001010011 ( 332)                 .FILL x0053
(3118) 0055  0000000001010101 ( 332)                 .FILL x0055
(3119) 0042  0000000001000010 ( 332)                 .FILL x0042
(311A) 0054  0000000001010100 ( 332)                 .FILL x0054
(311B) 0052  0000000001010010 ( 332)                 .FILL x0052
(311C) 0041  0000000001000001 ( 332)                 .FILL x0041
(311D) 0043  0000000001000011 ( 332)                 .FILL x0043
(311E) 0054  0000000001010100 ( 332)                 .FILL x0054
(311F) 0049  0000000001001001 ( 332)                 .FILL x0049
(3120) 004F  0000000001001111 ( 332)                 .FILL x004F
(3121) 004E  0000000001001110 ( 332)                 .FILL x004E
(3122) 0020  0000000000100000 ( 332)                 .FILL x0020
(3123) 0072  0000000001110010 ( 332)                 .FILL x0072
(3124) 0065  0000000001100101 ( 332)                 .FILL x0065
(3125) 0073  0000000001110011 ( 332)                 .FILL x0073
(3126) 0075  0000000001110101 ( 332)                 .FILL x0075
(3127) 006C  0000000001101100 ( 332)                 .FILL x006C
(3128) 0074  0000000001110100 ( 332)                 .FILL x0074
(3129) 0020  0000000000100000 ( 332)                 .FILL x0020
(312A) 006F  0000000001101111 ( 332)                 .FILL x006F
(312B) 0066  0000000001100110 ( 332)                 .FILL x0066
(312C) 0020  0000000000100000 ( 332)                 .FILL x0020
(312D) 0074  0000000001110100 ( 332)                 .FILL x0074
(312E) 0068  0000000001101000 ( 332)                 .FILL x0068
(312F) 0065  0000000001100101 ( 332)                 .FILL x0065
(3130) 0073  0000000001110011 ( 332)                 .FILL x0073
(3131) 0065  0000000001100101 ( 332)                 .FILL x0065
(3132) 0020  0000000000100000 ( 332)                 .FILL x0020
(3133) 0074  0000000001110100 ( 332)                 .FILL x0074
(3134) 0077  0000000001110111 ( 332)                 .FILL x0077
(3135) 006F  0000000001101111 ( 332)                 .FILL x006F
(3136) 0020  0000000000100000 ( 332)                 .FILL x0020
(3137) 006E  0000000001101110 ( 332)                 .FILL x006E
(3138) 0075  0000000001110101 ( 332)                 .FILL x0075
(3139) 006D  0000000001101101 ( 332)                 .FILL x006D
(313A) 0062  0000000001100010 ( 332)                 .FILL x0062
(313B) 0065  0000000001100101 ( 332)                 .FILL x0065
(313C) 0072  0000000001110010 ( 332)                 .FILL x0072
(313D) 0073  0000000001110011 ( 332)                 .FILL x0073
(313E) 0020  0000000000100000 ( 332)                 .FILL x0020
(313F) 0069  0000000001101001 ( 332)                 .FILL x0069
(3140) 0073  0000000001110011 ( 332)                 .FILL x0073
(3141) 003A  0000000000111010 ( 332)                 .FILL x003A
(3142) 0020  0000000000100000 ( 332)                 .FILL x0020
(3143) 000A  0000000000001010 ( 332)                 .FILL x000A
(3144) 0000  0000000000000000 ( 332)                 .FILL x0000
(3145) 2001  0010000000000001 ( 335) FIRST           .FILL x2001
(3146) 2000  0010000000000000 ( 336) SECOND          .FILL x2000
(3147) FFD0  1111111111010000 ( 337) ASCII_OFFSET    .FILL xFFD0
(3148) 000A  0000000000001010 ( 339) DIV_RESULT      .FILL x000A
(3149) 0054  0000000001010100 ( 339)                 .FILL x0054
(314A) 0068  0000000001101000 ( 339)                 .FILL x0068
(314B) 0065  0000000001100101 ( 339)                 .FILL x0065
(314C) 0020  0000000000100000 ( 339)                 .FILL x0020
(314D) 0044  0000000001000100 ( 339)                 .FILL x0044
(314E) 0049  0000000001001001 ( 339)                 .FILL x0049
(314F) 0056  0000000001010110 ( 339)                 .FILL x0056
(3150) 0049  0000000001001001 ( 339)                 .FILL x0049
(3151) 0053  0000000001010011 ( 339)                 .FILL x0053
(3152) 0049  0000000001001001 ( 339)                 .FILL x0049
(3153) 004F  0000000001001111 ( 339)                 .FILL x004F
(3154) 004E  0000000001001110 ( 339)                 .FILL x004E
(3155) 0020  0000000000100000 ( 339)                 .FILL x0020
(3156) 0072  0000000001110010 ( 339)                 .FILL x0072
(3157) 0065  0000000001100101 ( 339)                 .FILL x0065
(3158) 0073  0000000001110011 ( 339)                 .FILL x0073
(3159) 0075  0000000001110101 ( 339)                 .FILL x0075
(315A) 006C  0000000001101100 ( 339)                 .FILL x006C
(315B) 0074  0000000001110100 ( 339)                 .FILL x0074
(315C) 0020  0000000000100000 ( 339)                 .FILL x0020
(315D) 006F  0000000001101111 ( 339)                 .FILL x006F
(315E) 0066  0000000001100110 ( 339)                 .FILL x0066
(315F) 0020  0000000000100000 ( 339)                 .FILL x0020
(3160) 0074  0000000001110100 ( 339)                 .FILL x0074
(3161) 0068  0000000001101000 ( 339)                 .FILL x0068
(3162) 0065  0000000001100101 ( 339)                 .FILL x0065
(3163) 0073  0000000001110011 ( 339)                 .FILL x0073
(3164) 0065  0000000001100101 ( 339)                 .FILL x0065
(3165) 0020  0000000000100000 ( 339)                 .FILL x0020
(3166) 0074  0000000001110100 ( 339)                 .FILL x0074
(3167) 0077  0000000001110111 ( 339)                 .FILL x0077
(3168) 006F  0000000001101111 ( 339)                 .FILL x006F
(3169) 0020  0000000000100000 ( 339)                 .FILL x0020
(316A) 006E  0000000001101110 ( 339)                 .FILL x006E
(316B) 0075  0000000001110101 ( 339)                 .FILL x0075
(316C) 006D  0000000001101101 ( 339)                 .FILL x006D
(316D) 0062  0000000001100010 ( 339)                 .FILL x0062
(316E) 0065  0000000001100101 ( 339)                 .FILL x0065
(316F) 0072  0000000001110010 ( 339)                 .FILL x0072
(3170) 0073  0000000001110011 ( 339)                 .FILL x0073
(3171) 0020  0000000000100000 ( 339)                 .FILL x0020
(3172) 0069  0000000001101001 ( 339)                 .FILL x0069
(3173) 0073  0000000001110011 ( 339)                 .FILL x0073
(3174) 003A  0000000000111010 ( 339)                 .FILL x003A
(3175) 0020  0000000000100000 ( 339)                 .FILL x0020
(3176) 000A  0000000000001010 ( 339)                 .FILL x000A
(3177) 0000  0000000000000000 ( 339)                 .FILL x0000
(3178) 000A  0000000000001010 ( 341) REM             .FILL x000A
(3179) 0054  0000000001010100 ( 341)                 .FILL x0054
(317A) 0068  0000000001101000 ( 341)                 .FILL x0068
(317B) 0065  0000000001100101 ( 341)                 .FILL x0065
(317C) 0020  0000000000100000 ( 341)                 .FILL x0020
(317D) 0052  0000000001010010 ( 341)                 .FILL x0052
(317E) 0045  0000000001000101 ( 341)                 .FILL x0045
(317F) 004D  0000000001001101 ( 341)                 .FILL x004D
(3180) 0041  0000000001000001 ( 341)                 .FILL x0041
(3181) 0049  0000000001001001 ( 341)                 .FILL x0049
(3182) 004E  0000000001001110 ( 341)                 .FILL x004E
(3183) 0044  0000000001000100 ( 341)                 .FILL x0044
(3184) 0045  0000000001000101 ( 341)                 .FILL x0045
(3185) 0052  0000000001010010 ( 341)                 .FILL x0052
(3186) 0020  0000000000100000 ( 341)                 .FILL x0020
(3187) 0069  0000000001101001 ( 341)                 .FILL x0069
(3188) 0073  0000000001110011 ( 341)                 .FILL x0073
(3189) 003A  0000000000111010 ( 341)                 .FILL x003A
(318A) 0020  0000000000100000 ( 341)                 .FILL x0020
(318B) 000A  0000000000001010 ( 341)                 .FILL x000A
(318C) 0000  0000000000000000 ( 341)                 .FILL x0000
