(0000) 3000  0011000000000000 (   1)                 .ORIG x3000
(3000) 0E0D  0000111000001101 (   3)                 BRNZP START
(3001) 5020  0101000000100000 (   5)                 AND   R0 R0 #0
(3002) 5220  0101001000100000 (   6)                 AND   R1 R0 #0
(3003) 5420  0101010000100000 (   7)                 AND   R2 R0 #0
(3004) 5620  0101011000100000 (   8)                 AND   R3 R0 #0
(3005) 5820  0101100000100000 (   9)                 AND   R4 R0 #0
(3006) 5A20  0101101000100000 (  10)                 AND   R5 R0 #0
(3007) 5C20  0101110000100000 (  11)                 AND   R6 R0 #0
(3008) 5E20  0101111000100000 (  12)                 AND   R7 R0 #0
(3009) 3200  0011001000000000 (  14) ED              .FILL x3200
(300A) 3201  0011001000000001 (  15) EK              .FILL x3201
(300B) FFD0  1111111111010000 (  16) ASCII           .FILL xFFD0
(300C) 000A  0000000000001010 (  17) NEWLINE         .FILL x000A
(300D) 0000  0000000000000000 (  17)                 .FILL x0000
(300E) E014  1110000000010100 (  23) START           LEA   R0 PROMPTED
(300F) F022  1111000000100010 (  25)                 TRAP  x22
(3010) F020  1111000000100000 (  27)                 TRAP  x20
(3011) F021  1111000000100001 (  28)                 TRAP  x21
(3012) B1F6  1011000111110110 (  30)                 STI   R0 ED
(3013) 1620  0001011000100000 (  32)                 ADD   R3 R0 #0
(3014) E1F7  1110000111110111 (  34)                 LEA   R0 NEWLINE
(3015) F022  1111000000100010 (  35)                 TRAP  x22
(3016) E075  1110000001110101 (  38)                 LEA   R0 PROMPTCK
(3017) F022  1111000000100010 (  40)                 TRAP  x22
(3018) F020  1111000000100000 (  42)                 TRAP  x20
(3019) F021  1111000000100001 (  43)                 TRAP  x21
(301A) B1EF  1011000111101111 (  45)                 STI   R0 EK
(301B) 23EF  0010001111101111 (  47)                 LD    R1 ASCII
(301C) 1401  0001010000000001 (  49)                 ADD   R2 R0 R1
(301D) E1EE  1110000111101110 (  51)                 LEA   R0 NEWLINE
(301E) F022  1111000000100010 (  52)                 TRAP  x22
(301F) E0DE  1110000011011110 (  55)                 LEA   R0 PROMPTIM
(3020) F022  1111000000100010 (  57)                 TRAP  x22
(3021) E8C8  1110100011001000 (  59)                 LEA   R4 MSGARRAY
(3022) 5260  0101001001100000 (  61)                 AND   R1 R1 #0
(3023) 0050  0000000001010000 (  67) PROMPTED        .FILL x0050
(3024) 006C  0000000001101100 (  67)                 .FILL x006C
(3025) 0065  0000000001100101 (  67)                 .FILL x0065
(3026) 0061  0000000001100001 (  67)                 .FILL x0061
(3027) 0073  0000000001110011 (  67)                 .FILL x0073
(3028) 0065  0000000001100101 (  67)                 .FILL x0065
(3029) 0020  0000000000100000 (  67)                 .FILL x0020
(302A) 0065  0000000001100101 (  67)                 .FILL x0065
(302B) 006E  0000000001101110 (  67)                 .FILL x006E
(302C) 0074  0000000001110100 (  67)                 .FILL x0074
(302D) 0065  0000000001100101 (  67)                 .FILL x0065
(302E) 0072  0000000001110010 (  67)                 .FILL x0072
(302F) 0020  0000000000100000 (  67)                 .FILL x0020
(3030) 0045  0000000001000101 (  67)                 .FILL x0045
(3031) 0020  0000000000100000 (  67)                 .FILL x0020
(3032) 0069  0000000001101001 (  67)                 .FILL x0069
(3033) 0066  0000000001100110 (  67)                 .FILL x0066
(3034) 0020  0000000000100000 (  67)                 .FILL x0020
(3035) 0079  0000000001111001 (  67)                 .FILL x0079
(3036) 006F  0000000001101111 (  67)                 .FILL x006F
(3037) 0075  0000000001110101 (  67)                 .FILL x0075
(3038) 0020  0000000000100000 (  67)                 .FILL x0020
(3039) 0077  0000000001110111 (  67)                 .FILL x0077
(303A) 0061  0000000001100001 (  67)                 .FILL x0061
(303B) 006E  0000000001101110 (  67)                 .FILL x006E
(303C) 0074  0000000001110100 (  67)                 .FILL x0074
(303D) 0020  0000000000100000 (  67)                 .FILL x0020
(303E) 0074  0000000001110100 (  67)                 .FILL x0074
(303F) 006F  0000000001101111 (  67)                 .FILL x006F
(3040) 0020  0000000000100000 (  67)                 .FILL x0020
(3041) 0065  0000000001100101 (  67)                 .FILL x0065
(3042) 006E  0000000001101110 (  67)                 .FILL x006E
(3043) 0063  0000000001100011 (  67)                 .FILL x0063
(3044) 0072  0000000001110010 (  67)                 .FILL x0072
(3045) 0079  0000000001111001 (  67)                 .FILL x0079
(3046) 0070  0000000001110000 (  67)                 .FILL x0070
(3047) 0074  0000000001110100 (  67)                 .FILL x0074
(3048) 0020  0000000000100000 (  67)                 .FILL x0020
(3049) 0079  0000000001111001 (  67)                 .FILL x0079
(304A) 006F  0000000001101111 (  67)                 .FILL x006F
(304B) 0075  0000000001110101 (  67)                 .FILL x0075
(304C) 0072  0000000001110010 (  67)                 .FILL x0072
(304D) 0020  0000000000100000 (  67)                 .FILL x0020
(304E) 006D  0000000001101101 (  67)                 .FILL x006D
(304F) 0065  0000000001100101 (  67)                 .FILL x0065
(3050) 0073  0000000001110011 (  67)                 .FILL x0073
(3051) 0073  0000000001110011 (  67)                 .FILL x0073
(3052) 0061  0000000001100001 (  67)                 .FILL x0061
(3053) 0067  0000000001100111 (  67)                 .FILL x0067
(3054) 0065  0000000001100101 (  67)                 .FILL x0065
(3055) 002E  0000000000101110 (  67)                 .FILL x002E
(3056) 000A  0000000000001010 (  67)                 .FILL x000A
(3057) 0050  0000000001010000 (  67)                 .FILL x0050
(3058) 006C  0000000001101100 (  67)                 .FILL x006C
(3059) 0065  0000000001100101 (  67)                 .FILL x0065
(305A) 0061  0000000001100001 (  67)                 .FILL x0061
(305B) 0073  0000000001110011 (  67)                 .FILL x0073
(305C) 0065  0000000001100101 (  67)                 .FILL x0065
(305D) 0020  0000000000100000 (  67)                 .FILL x0020
(305E) 0065  0000000001100101 (  67)                 .FILL x0065
(305F) 006E  0000000001101110 (  67)                 .FILL x006E
(3060) 0074  0000000001110100 (  67)                 .FILL x0074
(3061) 0065  0000000001100101 (  67)                 .FILL x0065
(3062) 0072  0000000001110010 (  67)                 .FILL x0072
(3063) 0020  0000000000100000 (  67)                 .FILL x0020
(3064) 0044  0000000001000100 (  67)                 .FILL x0044
(3065) 0020  0000000000100000 (  67)                 .FILL x0020
(3066) 0069  0000000001101001 (  67)                 .FILL x0069
(3067) 0066  0000000001100110 (  67)                 .FILL x0066
(3068) 0020  0000000000100000 (  67)                 .FILL x0020
(3069) 0079  0000000001111001 (  67)                 .FILL x0079
(306A) 006F  0000000001101111 (  67)                 .FILL x006F
(306B) 0075  0000000001110101 (  67)                 .FILL x0075
(306C) 0020  0000000000100000 (  67)                 .FILL x0020
(306D) 0077  0000000001110111 (  67)                 .FILL x0077
(306E) 0061  0000000001100001 (  67)                 .FILL x0061
(306F) 006E  0000000001101110 (  67)                 .FILL x006E
(3070) 0074  0000000001110100 (  67)                 .FILL x0074
(3071) 0020  0000000000100000 (  67)                 .FILL x0020
(3072) 0074  0000000001110100 (  67)                 .FILL x0074
(3073) 006F  0000000001101111 (  67)                 .FILL x006F
(3074) 0020  0000000000100000 (  67)                 .FILL x0020
(3075) 0064  0000000001100100 (  67)                 .FILL x0064
(3076) 0065  0000000001100101 (  67)                 .FILL x0065
(3077) 0063  0000000001100011 (  67)                 .FILL x0063
(3078) 0072  0000000001110010 (  67)                 .FILL x0072
(3079) 0079  0000000001111001 (  67)                 .FILL x0079
(307A) 0070  0000000001110000 (  67)                 .FILL x0070
(307B) 0074  0000000001110100 (  67)                 .FILL x0074
(307C) 0020  0000000000100000 (  67)                 .FILL x0020
(307D) 0079  0000000001111001 (  67)                 .FILL x0079
(307E) 006F  0000000001101111 (  67)                 .FILL x006F
(307F) 0075  0000000001110101 (  67)                 .FILL x0075
(3080) 0072  0000000001110010 (  67)                 .FILL x0072
(3081) 0020  0000000000100000 (  67)                 .FILL x0020
(3082) 006D  0000000001101101 (  67)                 .FILL x006D
(3083) 0065  0000000001100101 (  67)                 .FILL x0065
(3084) 0073  0000000001110011 (  67)                 .FILL x0073
(3085) 0073  0000000001110011 (  67)                 .FILL x0073
(3086) 0061  0000000001100001 (  67)                 .FILL x0061
(3087) 0067  0000000001100111 (  67)                 .FILL x0067
(3088) 0065  0000000001100101 (  67)                 .FILL x0065
(3089) 002E  0000000000101110 (  67)                 .FILL x002E
(308A) 000A  0000000000001010 (  67)                 .FILL x000A
(308B) 0000  0000000000000000 (  67)                 .FILL x0000
(308C) 0050  0000000001010000 (  68) PROMPTCK        .FILL x0050
(308D) 006C  0000000001101100 (  68)                 .FILL x006C
(308E) 0065  0000000001100101 (  68)                 .FILL x0065
(308F) 0061  0000000001100001 (  68)                 .FILL x0061
(3090) 0073  0000000001110011 (  68)                 .FILL x0073
(3091) 0065  0000000001100101 (  68)                 .FILL x0065
(3092) 0020  0000000000100000 (  68)                 .FILL x0020
(3093) 0065  0000000001100101 (  68)                 .FILL x0065
(3094) 006E  0000000001101110 (  68)                 .FILL x006E
(3095) 0074  0000000001110100 (  68)                 .FILL x0074
(3096) 0065  0000000001100101 (  68)                 .FILL x0065
(3097) 0072  0000000001110010 (  68)                 .FILL x0072
(3098) 0020  0000000000100000 (  68)                 .FILL x0020
(3099) 0061  0000000001100001 (  68)                 .FILL x0061
(309A) 006E  0000000001101110 (  68)                 .FILL x006E
(309B) 0020  0000000000100000 (  68)                 .FILL x0020
(309C) 0069  0000000001101001 (  68)                 .FILL x0069
(309D) 006E  0000000001101110 (  68)                 .FILL x006E
(309E) 0074  0000000001110100 (  68)                 .FILL x0074
(309F) 0065  0000000001100101 (  68)                 .FILL x0065
(30A0) 0067  0000000001100111 (  68)                 .FILL x0067
(30A1) 0065  0000000001100101 (  68)                 .FILL x0065
(30A2) 0072  0000000001110010 (  68)                 .FILL x0072
(30A3) 0020  0000000000100000 (  68)                 .FILL x0020
(30A4) 006B  0000000001101011 (  68)                 .FILL x006B
(30A5) 0065  0000000001100101 (  68)                 .FILL x0065
(30A6) 0079  0000000001111001 (  68)                 .FILL x0079
(30A7) 0020  0000000000100000 (  68)                 .FILL x0020
(30A8) 0079  0000000001111001 (  68)                 .FILL x0079
(30A9) 006F  0000000001101111 (  68)                 .FILL x006F
(30AA) 0075  0000000001110101 (  68)                 .FILL x0075
(30AB) 0020  0000000000100000 (  68)                 .FILL x0020
(30AC) 0077  0000000001110111 (  68)                 .FILL x0077
(30AD) 0061  0000000001100001 (  68)                 .FILL x0061
(30AE) 006E  0000000001101110 (  68)                 .FILL x006E
(30AF) 0074  0000000001110100 (  68)                 .FILL x0074
(30B0) 0020  0000000000100000 (  68)                 .FILL x0020
(30B1) 0074  0000000001110100 (  68)                 .FILL x0074
(30B2) 006F  0000000001101111 (  68)                 .FILL x006F
(30B3) 0020  0000000000100000 (  68)                 .FILL x0020
(30B4) 0075  0000000001110101 (  68)                 .FILL x0075
(30B5) 0073  0000000001110011 (  68)                 .FILL x0073
(30B6) 0065  0000000001100101 (  68)                 .FILL x0065
(30B7) 0020  0000000000100000 (  68)                 .FILL x0020
(30B8) 0066  0000000001100110 (  68)                 .FILL x0066
(30B9) 0072  0000000001110010 (  68)                 .FILL x0072
(30BA) 006F  0000000001101111 (  68)                 .FILL x006F
(30BB) 006D  0000000001101101 (  68)                 .FILL x006D
(30BC) 0020  0000000000100000 (  68)                 .FILL x0020
(30BD) 0030  0000000000110000 (  68)                 .FILL x0030
(30BE) 0020  0000000000100000 (  68)                 .FILL x0020
(30BF) 0074  0000000001110100 (  68)                 .FILL x0074
(30C0) 006F  0000000001101111 (  68)                 .FILL x006F
(30C1) 0020  0000000000100000 (  68)                 .FILL x0020
(30C2) 0033  0000000000110011 (  68)                 .FILL x0033
(30C3) 0031  0000000000110001 (  68)                 .FILL x0031
(30C4) 002C  0000000000101100 (  68)                 .FILL x002C
(30C5) 0020  0000000000100000 (  68)                 .FILL x0020
(30C6) 0061  0000000001100001 (  68)                 .FILL x0061
(30C7) 006E  0000000001101110 (  68)                 .FILL x006E
(30C8) 0064  0000000001100100 (  68)                 .FILL x0064
(30C9) 0020  0000000000100000 (  68)                 .FILL x0020
(30CA) 0070  0000000001110000 (  68)                 .FILL x0070
(30CB) 0072  0000000001110010 (  68)                 .FILL x0072
(30CC) 0065  0000000001100101 (  68)                 .FILL x0065
(30CD) 0073  0000000001110011 (  68)                 .FILL x0073
(30CE) 0073  0000000001110011 (  68)                 .FILL x0073
(30CF) 0020  0000000000100000 (  68)                 .FILL x0020
(30D0) 0045  0000000001000101 (  68)                 .FILL x0045
(30D1) 004E  0000000001001110 (  68)                 .FILL x004E
(30D2) 0054  0000000001010100 (  68)                 .FILL x0054
(30D3) 0045  0000000001000101 (  68)                 .FILL x0045
(30D4) 0052  0000000001010010 (  68)                 .FILL x0052
(30D5) 0020  0000000000100000 (  68)                 .FILL x0020
(30D6) 0077  0000000001110111 (  68)                 .FILL x0077
(30D7) 0068  0000000001101000 (  68)                 .FILL x0068
(30D8) 0065  0000000001100101 (  68)                 .FILL x0065
(30D9) 006E  0000000001101110 (  68)                 .FILL x006E
(30DA) 0020  0000000000100000 (  68)                 .FILL x0020
(30DB) 0079  0000000001111001 (  68)                 .FILL x0079
(30DC) 006F  0000000001101111 (  68)                 .FILL x006F
(30DD) 0075  0000000001110101 (  68)                 .FILL x0075
(30DE) 0020  0000000000100000 (  68)                 .FILL x0020
(30DF) 0061  0000000001100001 (  68)                 .FILL x0061
(30E0) 0072  0000000001110010 (  68)                 .FILL x0072
(30E1) 0065  0000000001100101 (  68)                 .FILL x0065
(30E2) 0020  0000000000100000 (  68)                 .FILL x0020
(30E3) 0064  0000000001100100 (  68)                 .FILL x0064
(30E4) 006F  0000000001101111 (  68)                 .FILL x006F
(30E5) 006E  0000000001101110 (  68)                 .FILL x006E
(30E6) 0065  0000000001100101 (  68)                 .FILL x0065
(30E7) 002E  0000000000101110 (  68)                 .FILL x002E
(30E8) 000A  0000000000001010 (  68)                 .FILL x000A
(30E9) 0000  0000000000000000 (  68)                 .FILL x0000
(30EA) 0000  0000000000000000 (  70) MSGARRAY        .FILL x0000
(30EB) 0000  0000000000000000 (  70)                 .FILL x0000
(30EC) 0000  0000000000000000 (  70)                 .FILL x0000
(30ED) 0000  0000000000000000 (  70)                 .FILL x0000
(30EE) 0000  0000000000000000 (  70)                 .FILL x0000
(30EF) 0000  0000000000000000 (  70)                 .FILL x0000
(30F0) 0000  0000000000000000 (  70)                 .FILL x0000
(30F1) 0000  0000000000000000 (  70)                 .FILL x0000
(30F2) 0000  0000000000000000 (  70)                 .FILL x0000
(30F3) 0000  0000000000000000 (  70)                 .FILL x0000
(30F4) 0000  0000000000000000 (  70)                 .FILL x0000
(30F5) 0000  0000000000000000 (  70)                 .FILL x0000
(30F6) 0000  0000000000000000 (  70)                 .FILL x0000
(30F7) 0000  0000000000000000 (  70)                 .FILL x0000
(30F8) 0000  0000000000000000 (  70)                 .FILL x0000
(30F9) 0000  0000000000000000 (  70)                 .FILL x0000
(30FA) 0000  0000000000000000 (  70)                 .FILL x0000
(30FB) 0000  0000000000000000 (  70)                 .FILL x0000
(30FC) 0000  0000000000000000 (  70)                 .FILL x0000
(30FD) 0000  0000000000000000 (  70)                 .FILL x0000
(30FE) 0050  0000000001010000 (  70) PROMPTIM        .FILL x0050
(30FF) 006C  0000000001101100 (  70)                 .FILL x006C
(3100) 0065  0000000001100101 (  70)                 .FILL x0065
(3101) 0061  0000000001100001 (  70)                 .FILL x0061
(3102) 0073  0000000001110011 (  70)                 .FILL x0073
(3103) 0065  0000000001100101 (  70)                 .FILL x0065
(3104) 0020  0000000000100000 (  70)                 .FILL x0020
(3105) 0065  0000000001100101 (  70)                 .FILL x0065
(3106) 006E  0000000001101110 (  70)                 .FILL x006E
(3107) 0074  0000000001110100 (  70)                 .FILL x0074
(3108) 0065  0000000001100101 (  70)                 .FILL x0065
(3109) 0072  0000000001110010 (  70)                 .FILL x0072
(310A) 0020  0000000000100000 (  70)                 .FILL x0020
(310B) 0079  0000000001111001 (  70)                 .FILL x0079
(310C) 006F  0000000001101111 (  70)                 .FILL x006F
(310D) 0075  0000000001110101 (  70)                 .FILL x0075
(310E) 0072  0000000001110010 (  70)                 .FILL x0072
(310F) 0020  0000000000100000 (  70)                 .FILL x0020
(3110) 006D  0000000001101101 (  70)                 .FILL x006D
(3111) 0065  0000000001100101 (  70)                 .FILL x0065
(3112) 0073  0000000001110011 (  70)                 .FILL x0073
(3113) 0073  0000000001110011 (  70)                 .FILL x0073
(3114) 0061  0000000001100001 (  70)                 .FILL x0061
(3115) 0067  0000000001100111 (  70)                 .FILL x0067
(3116) 0065  0000000001100101 (  70)                 .FILL x0065
(3117) 0020  0000000000100000 (  70)                 .FILL x0020
(3118) 0077  0000000001110111 (  70)                 .FILL x0077
(3119) 0069  0000000001101001 (  70)                 .FILL x0069
(311A) 0074  0000000001110100 (  70)                 .FILL x0074
(311B) 0068  0000000001101000 (  70)                 .FILL x0068
(311C) 0020  0000000000100000 (  70)                 .FILL x0020
(311D) 006E  0000000001101110 (  70)                 .FILL x006E
(311E) 006F  0000000001101111 (  70)                 .FILL x006F
(311F) 0020  0000000000100000 (  70)                 .FILL x0020
(3120) 006D  0000000001101101 (  70)                 .FILL x006D
(3121) 006F  0000000001101111 (  70)                 .FILL x006F
(3122) 0072  0000000001110010 (  70)                 .FILL x0072
(3123) 0065  0000000001100101 (  70)                 .FILL x0065
(3124) 0020  0000000000100000 (  70)                 .FILL x0020
(3125) 0074  0000000001110100 (  70)                 .FILL x0074
(3126) 0068  0000000001101000 (  70)                 .FILL x0068
(3127) 0061  0000000001100001 (  70)                 .FILL x0061
(3128) 006E  0000000001101110 (  70)                 .FILL x006E
(3129) 0020  0000000000100000 (  70)                 .FILL x0020
(312A) 0032  0000000000110010 (  70)                 .FILL x0032
(312B) 0030  0000000000110000 (  70)                 .FILL x0030
(312C) 0020  0000000000100000 (  70)                 .FILL x0020
(312D) 0063  0000000001100011 (  70)                 .FILL x0063
(312E) 0068  0000000001101000 (  70)                 .FILL x0068
(312F) 0061  0000000001100001 (  70)                 .FILL x0061
(3130) 0072  0000000001110010 (  70)                 .FILL x0072
(3131) 0061  0000000001100001 (  70)                 .FILL x0061
(3132) 0063  0000000001100011 (  70)                 .FILL x0063
(3133) 0074  0000000001110100 (  70)                 .FILL x0074
(3134) 0065  0000000001100101 (  70)                 .FILL x0065
(3135) 0072  0000000001110010 (  70)                 .FILL x0072
(3136) 0073  0000000001110011 (  70)                 .FILL x0073
(3137) 002C  0000000000101100 (  70)                 .FILL x002C
(3138) 0020  0000000000100000 (  70)                 .FILL x0020
(3139) 0061  0000000001100001 (  70)                 .FILL x0061
(313A) 006E  0000000001101110 (  70)                 .FILL x006E
(313B) 0064  0000000001100100 (  70)                 .FILL x0064
(313C) 0020  0000000000100000 (  70)                 .FILL x0020
(313D) 0070  0000000001110000 (  70)                 .FILL x0070
(313E) 0072  0000000001110010 (  70)                 .FILL x0072
(313F) 0065  0000000001100101 (  70)                 .FILL x0065
(3140) 0073  0000000001110011 (  70)                 .FILL x0073
(3141) 0073  0000000001110011 (  70)                 .FILL x0073
(3142) 0020  0000000000100000 (  70)                 .FILL x0020
(3143) 0045  0000000001000101 (  70)                 .FILL x0045
(3144) 004E  0000000001001110 (  70)                 .FILL x004E
(3145) 0054  0000000001010100 (  70)                 .FILL x0054
(3146) 0045  0000000001000101 (  70)                 .FILL x0045
(3147) 0052  0000000001010010 (  70)                 .FILL x0052
(3148) 0020  0000000000100000 (  70)                 .FILL x0020
(3149) 0077  0000000001110111 (  70)                 .FILL x0077
(314A) 0068  0000000001101000 (  70)                 .FILL x0068
(314B) 0065  0000000001100101 (  70)                 .FILL x0065
(314C) 006E  0000000001101110 (  70)                 .FILL x006E
(314D) 0020  0000000000100000 (  70)                 .FILL x0020
(314E) 0079  0000000001111001 (  70)                 .FILL x0079
(314F) 006F  0000000001101111 (  70)                 .FILL x006F
(3150) 0075  0000000001110101 (  70)                 .FILL x0075
(3151) 0020  0000000000100000 (  70)                 .FILL x0020
(3152) 0061  0000000001100001 (  70)                 .FILL x0061
(3153) 0072  0000000001110010 (  70)                 .FILL x0072
(3154) 0065  0000000001100101 (  70)                 .FILL x0065
(3155) 0020  0000000000100000 (  70)                 .FILL x0020
(3156) 0064  0000000001100100 (  70)                 .FILL x0064
(3157) 006F  0000000001101111 (  70)                 .FILL x006F
(3158) 006E  0000000001101110 (  70)                 .FILL x006E
(3159) 0065  0000000001100101 (  70)                 .FILL x0065
(315A) 002E  0000000000101110 (  70)                 .FILL x002E
(315B) 000A  0000000000001010 (  70)                 .FILL x000A
(315C) 0000  0000000000000000 (  70)                 .FILL x0000
(315D) F020  1111000000100000 (  75) INCHAR          TRAP  x20
(315E) F021  1111000000100001 (  76)                 TRAP  x21
(315F) B064  1011000001100100 (  78)                 STI   R0 IM
(3160) 1A36  0001101000110110 (  80)                 ADD   R5 R0 #-10
(3161) 0404  0000010000000100 (  83)                 BRZ   CHECK
(3162) 7100  0111000100000000 (  85)                 STR   R0 R4 #0
(3163) 1921  0001100100100001 (  87)                 ADD   R4 R4 #1
(3164) 1261  0001001001100001 (  89)                 ADD   R1 R1 #1
(3165) 0FF7  0000111111110111 (  91)                 BRNZP INCHAR
(3166) 2C07  0010110000000111 (  99) CHECK           LD    R6 ASCIIE
(3167) 10C6  0001000011000110 ( 101)                 ADD   R0 R3 R6
(3168) 0408  0000010000001000 ( 103)                 BRZ   ENCRYPT
(3169) 2C05  0010110000000101 ( 106)                 LD    R6 ASCIID
(316A) 10C6  0001000011000110 ( 108)                 ADD   R0 R3 R6
(316B) 043F  0000010000111111 ( 110)                 BRZ   DECRYPT
(316C) E00E  1110000000001110 ( 112)                 LEA   R0 ERRORED
(316D) F022  1111000000100010 ( 113)                 TRAP  x22
(316E) FFBB  1111111110111011 ( 117) ASCIIE          .FILL xFFBB
(316F) FFBC  1111111110111100 ( 118) ASCIID          .FILL xFFBC
(3170) 0014  0000000000010100 ( 119) TWENTY          .FILL x0014
(3171) E978  1110100101111000 ( 127) ENCRYPT         LEA   R4 MSGARRAY
(3172) 2BFD  0010101111111101 ( 129)                 LD    R5 TWENTY
(3173) 6100  0110000100000000 ( 133) ELOOP           LDR   R0 R4 #0
(3174) 4843  0100100001000011 ( 135)                 JSR   FLIP
(3175) 1182  0001000110000010 ( 137)                 ADD   R0 R6 R2
(3176) 7100  0111000100000000 ( 139)                 STR   R0 R4 #0
(3177) 1921  0001100100100001 ( 141)                 ADD   R4 R4 #1
(3178) 1B7F  0001101101111111 ( 143)                 ADD   R5 R5 #-1
(3179) 03F9  0000001111111001 ( 145)                 BRP   ELOOP
(317A) 0E42  0000111001000010 ( 147)                 BRNZP OUTPUT
(317B) 0054  0000000001010100 ( 149) ERRORED         .FILL x0054
(317C) 0048  0000000001001000 ( 149)                 .FILL x0048
(317D) 0041  0000000001000001 ( 149)                 .FILL x0041
(317E) 0054  0000000001010100 ( 149)                 .FILL x0054
(317F) 0020  0000000000100000 ( 149)                 .FILL x0020
(3180) 0049  0000000001001001 ( 149)                 .FILL x0049
(3181) 0053  0000000001010011 ( 149)                 .FILL x0053
(3182) 0020  0000000000100000 ( 149)                 .FILL x0020
(3183) 0041  0000000001000001 ( 149)                 .FILL x0041
(3184) 004E  0000000001001110 ( 149)                 .FILL x004E
(3185) 0020  0000000000100000 ( 149)                 .FILL x0020
(3186) 0049  0000000001001001 ( 149)                 .FILL x0049
(3187) 004C  0000000001001100 ( 149)                 .FILL x004C
(3188) 004C  0000000001001100 ( 149)                 .FILL x004C
(3189) 0045  0000000001000101 ( 149)                 .FILL x0045
(318A) 0047  0000000001000111 ( 149)                 .FILL x0047
(318B) 0041  0000000001000001 ( 149)                 .FILL x0041
(318C) 004C  0000000001001100 ( 149)                 .FILL x004C
(318D) 0020  0000000000100000 ( 149)                 .FILL x0020
(318E) 0043  0000000001000011 ( 149)                 .FILL x0043
(318F) 0048  0000000001001000 ( 149)                 .FILL x0048
(3190) 0041  0000000001000001 ( 149)                 .FILL x0041
(3191) 0052  0000000001010010 ( 149)                 .FILL x0052
(3192) 0041  0000000001000001 ( 149)                 .FILL x0041
(3193) 0043  0000000001000011 ( 149)                 .FILL x0043
(3194) 0054  0000000001010100 ( 149)                 .FILL x0054
(3195) 0045  0000000001000101 ( 149)                 .FILL x0045
(3196) 0052  0000000001010010 ( 149)                 .FILL x0052
(3197) 002E  0000000000101110 ( 149)                 .FILL x002E
(3198) 0020  0000000000100000 ( 149)                 .FILL x0020
(3199) 0050  0000000001010000 ( 149)                 .FILL x0050
(319A) 004C  0000000001001100 ( 149)                 .FILL x004C
(319B) 0045  0000000001000101 ( 149)                 .FILL x0045
(319C) 0041  0000000001000001 ( 149)                 .FILL x0041
(319D) 0053  0000000001010011 ( 149)                 .FILL x0053
(319E) 0045  0000000001000101 ( 149)                 .FILL x0045
(319F) 0020  0000000000100000 ( 149)                 .FILL x0020
(31A0) 0054  0000000001010100 ( 149)                 .FILL x0054
(31A1) 0052  0000000001010010 ( 149)                 .FILL x0052
(31A2) 0059  0000000001011001 ( 149)                 .FILL x0059
(31A3) 0020  0000000000100000 ( 149)                 .FILL x0020
(31A4) 0041  0000000001000001 ( 149)                 .FILL x0041
(31A5) 0047  0000000001000111 ( 149)                 .FILL x0047
(31A6) 0041  0000000001000001 ( 149)                 .FILL x0041
(31A7) 0049  0000000001001001 ( 149)                 .FILL x0049
(31A8) 004E  0000000001001110 ( 149)                 .FILL x004E
(31A9) 002E  0000000000101110 ( 149)                 .FILL x002E
(31AA) 0000  0000000000000000 ( 149)                 .FILL x0000
(31AB) E93E  1110100100111110 ( 156) DECRYPT         LEA   R4 MSGARRAY
(31AC) 1A60  0001101001100000 ( 158)                 ADD   R5 R1 #0
(31AD) 2BC2  0010101111000010 ( 160)                 LD    R5 TWENTY
(31AE) 6100  0110000100000000 ( 165) DLOOP           LDR   R0 R4 #0
(31AF) 94BF  1001010010111111 ( 167)                 NOT   R2 R2
(31B0) 14A1  0001010010100001 ( 169)                 ADD   R2 R2 #1
(31B1) 1002  0001000000000010 ( 171)                 ADD   R0 R0 R2
(31B2) 4805  0100100000000101 ( 173)                 JSR   FLIP
(31B3) 7D00  0111110100000000 ( 175)                 STR   R6 R4 #0
(31B4) 1921  0001100100100001 ( 177)                 ADD   R4 R4 #1
(31B5) 1B7F  0001101101111111 ( 179)                 ADD   R5 R5 #-1
(31B6) 03F7  0000001111110111 ( 181)                 BRP   DLOOP
(31B7) 0E05  0000111000000101 ( 183)                 BRNZP OUTPUT
(31B8) 963F  1001011000111111 ( 186) FLIP            NOT   R3 R0
(31B9) 56E1  0101011011100001 ( 187)                 AND   R3 R3 #1
(31BA) 503E  0101000000111110 ( 188)                 AND   R0 R0 #-2
(31BB) 1C03  0001110000000011 ( 189)                 ADD   R6 R0 R3
(31BC) C1C0  1100000111000000 ( 190)                 RET   
(31BD) E92C  1110100100101100 ( 195) OUTPUT          LEA   R4 MSGARRAY
(31BE) 6100  0110000100000000 ( 200) OLOOP           LDR   R0 R4 #0
(31BF) F021  1111000000100001 ( 202)                 TRAP  x21
(31C0) 1921  0001100100100001 ( 204)                 ADD   R4 R4 #1
(31C1) 127F  0001001001111111 ( 206)                 ADD   R1 R1 #-1
(31C2) 03FB  0000001111111011 ( 208)                 BRP   OLOOP
(31C3) F025  1111000000100101 ( 211)                 TRAP  x25
(31C4) 3202  0011001000000010 ( 214) IM              .FILL x3202
