(0000) 3000  0011000000000000 (   1)                 .ORIG x3000
(3000) 0E08  0000111000001000 (   4)                 BRNZP START
(3001) 5020  0101000000100000 (   7)                 AND   R0 R0 #0
(3002) 5220  0101001000100000 (   8)                 AND   R1 R0 #0
(3003) 5420  0101010000100000 (   9)                 AND   R2 R0 #0
(3004) 5620  0101011000100000 (  10)                 AND   R3 R0 #0
(3005) 5820  0101100000100000 (  11)                 AND   R4 R0 #0
(3006) 5A20  0101101000100000 (  12)                 AND   R5 R0 #0
(3007) 5C20  0101110000100000 (  13)                 AND   R6 R0 #0
(3008) 5E20  0101111000100000 (  14)                 AND   R7 R0 #0
(3009) E022  1110000000100010 (  18) START           LEA   R0 PROMPTED
(300A) F022  1111000000100010 (  19)                 TRAP  x22
(300B) 2A1D  0010101000011101 (  22) CHECKED         LD    R5 REALD
(300C) 2C1B  0010110000011011 (  23)                 LD    R6 REALE
(300D) F020  1111000000100000 (  24)                 TRAP  x20
(300E) F021  1111000000100001 (  25)                 TRAP  x21
(300F) 301A  0011000000011010 (  26)                 ST    R0 INED
(3010) 2219  0010001000011001 (  27)                 LD    R1 INED
(3011) 1046  0001000001000110 (  28)                 ADD   R0 R1 R6
(3012) 0409  0000010000001001 (  29)                 BRZ   KEY
(3013) 1045  0001000001000101 (  30)                 ADD   R0 R1 R5
(3014) 0407  0000010000000111 (  31)                 BRZ   KEY
(3015) E0AF  1110000010101111 (  32)                 LEA   R0 NEWLINE
(3016) F022  1111000000100010 (  33)                 TRAP  x22
(3017) E07D  1110000001111101 (  34)                 LEA   R0 ERRORED
(3018) F022  1111000000100010 (  35)                 TRAP  x22
(3019) E0AB  1110000010101011 (  36)                 LEA   R0 NEWLINE
(301A) F022  1111000000100010 (  37)                 TRAP  x22
(301B) 0FEF  0000111111101111 (  38)                 BRNZP CHECKED
(301C) B20E  1011001000001110 (  41) KEY             STI   R1 STOREED
(301D) E0A7  1110000010100111 (  42)                 LEA   R0 NEWLINE
(301E) F022  1111000000100010 (  43)                 TRAP  x22
(301F) E0A7  1110000010100111 (  44)                 LEA   R0 DECISION
(3020) F022  1111000000100010 (  45)                 TRAP  x22
(3021) 2009  0010000000001001 (  46)                 LD    R0 STOREED
(3022) F021  1111000000100001 (  47)                 TRAP  x21
(3023) E0B3  1110000010110011 (  48)                 LEA   R0 DECISION1
(3024) F022  1111000000100010 (  49)                 TRAP  x22
(3025) F025  1111000000100101 (  51)                 TRAP  x25
(3026) 0030  0000000000110000 (  55) ASCII           .FILL x0030
(3027) FFD0  1111111111010000 (  56) ASCII_OFFSET    .FILL xFFD0
(3028) FFBB  1111111110111011 (  57) REALE           .FILL xFFBB
(3029) FFBC  1111111110111100 (  58) REALD           .FILL xFFBC
(302A) 2100  0010000100000000 (  59) INED            .FILL x2100
(302B) 3200  0011001000000000 (  60) STOREED         .FILL x3200
(302C) 0050  0000000001010000 (  63) PROMPTED        .FILL x0050
(302D) 006C  0000000001101100 (  63)                 .FILL x006C
(302E) 0065  0000000001100101 (  63)                 .FILL x0065
(302F) 0061  0000000001100001 (  63)                 .FILL x0061
(3030) 0073  0000000001110011 (  63)                 .FILL x0073
(3031) 0065  0000000001100101 (  63)                 .FILL x0065
(3032) 0020  0000000000100000 (  63)                 .FILL x0020
(3033) 0065  0000000001100101 (  63)                 .FILL x0065
(3034) 006E  0000000001101110 (  63)                 .FILL x006E
(3035) 0074  0000000001110100 (  63)                 .FILL x0074
(3036) 0065  0000000001100101 (  63)                 .FILL x0065
(3037) 0072  0000000001110010 (  63)                 .FILL x0072
(3038) 0020  0000000000100000 (  63)                 .FILL x0020
(3039) 0045  0000000001000101 (  63)                 .FILL x0045
(303A) 0020  0000000000100000 (  63)                 .FILL x0020
(303B) 0069  0000000001101001 (  63)                 .FILL x0069
(303C) 0066  0000000001100110 (  63)                 .FILL x0066
(303D) 0020  0000000000100000 (  63)                 .FILL x0020
(303E) 0079  0000000001111001 (  63)                 .FILL x0079
(303F) 006F  0000000001101111 (  63)                 .FILL x006F
(3040) 0075  0000000001110101 (  63)                 .FILL x0075
(3041) 0020  0000000000100000 (  63)                 .FILL x0020
(3042) 0077  0000000001110111 (  63)                 .FILL x0077
(3043) 0061  0000000001100001 (  63)                 .FILL x0061
(3044) 006E  0000000001101110 (  63)                 .FILL x006E
(3045) 0074  0000000001110100 (  63)                 .FILL x0074
(3046) 0020  0000000000100000 (  63)                 .FILL x0020
(3047) 0074  0000000001110100 (  63)                 .FILL x0074
(3048) 006F  0000000001101111 (  63)                 .FILL x006F
(3049) 0020  0000000000100000 (  63)                 .FILL x0020
(304A) 0065  0000000001100101 (  63)                 .FILL x0065
(304B) 006E  0000000001101110 (  63)                 .FILL x006E
(304C) 0063  0000000001100011 (  63)                 .FILL x0063
(304D) 0072  0000000001110010 (  63)                 .FILL x0072
(304E) 0079  0000000001111001 (  63)                 .FILL x0079
(304F) 0070  0000000001110000 (  63)                 .FILL x0070
(3050) 0074  0000000001110100 (  63)                 .FILL x0074
(3051) 0020  0000000000100000 (  63)                 .FILL x0020
(3052) 0079  0000000001111001 (  63)                 .FILL x0079
(3053) 006F  0000000001101111 (  63)                 .FILL x006F
(3054) 0075  0000000001110101 (  63)                 .FILL x0075
(3055) 0072  0000000001110010 (  63)                 .FILL x0072
(3056) 0020  0000000000100000 (  63)                 .FILL x0020
(3057) 006D  0000000001101101 (  63)                 .FILL x006D
(3058) 0065  0000000001100101 (  63)                 .FILL x0065
(3059) 0073  0000000001110011 (  63)                 .FILL x0073
(305A) 0073  0000000001110011 (  63)                 .FILL x0073
(305B) 0061  0000000001100001 (  63)                 .FILL x0061
(305C) 0067  0000000001100111 (  63)                 .FILL x0067
(305D) 0065  0000000001100101 (  63)                 .FILL x0065
(305E) 002E  0000000000101110 (  63)                 .FILL x002E
(305F) 000A  0000000000001010 (  63)                 .FILL x000A
(3060) 0050  0000000001010000 (  63)                 .FILL x0050
(3061) 006C  0000000001101100 (  63)                 .FILL x006C
(3062) 0065  0000000001100101 (  63)                 .FILL x0065
(3063) 0061  0000000001100001 (  63)                 .FILL x0061
(3064) 0073  0000000001110011 (  63)                 .FILL x0073
(3065) 0065  0000000001100101 (  63)                 .FILL x0065
(3066) 0020  0000000000100000 (  63)                 .FILL x0020
(3067) 0065  0000000001100101 (  63)                 .FILL x0065
(3068) 006E  0000000001101110 (  63)                 .FILL x006E
(3069) 0074  0000000001110100 (  63)                 .FILL x0074
(306A) 0065  0000000001100101 (  63)                 .FILL x0065
(306B) 0072  0000000001110010 (  63)                 .FILL x0072
(306C) 0020  0000000000100000 (  63)                 .FILL x0020
(306D) 0044  0000000001000100 (  63)                 .FILL x0044
(306E) 0020  0000000000100000 (  63)                 .FILL x0020
(306F) 0069  0000000001101001 (  63)                 .FILL x0069
(3070) 0066  0000000001100110 (  63)                 .FILL x0066
(3071) 0020  0000000000100000 (  63)                 .FILL x0020
(3072) 0079  0000000001111001 (  63)                 .FILL x0079
(3073) 006F  0000000001101111 (  63)                 .FILL x006F
(3074) 0075  0000000001110101 (  63)                 .FILL x0075
(3075) 0020  0000000000100000 (  63)                 .FILL x0020
(3076) 0077  0000000001110111 (  63)                 .FILL x0077
(3077) 0061  0000000001100001 (  63)                 .FILL x0061
(3078) 006E  0000000001101110 (  63)                 .FILL x006E
(3079) 0074  0000000001110100 (  63)                 .FILL x0074
(307A) 0020  0000000000100000 (  63)                 .FILL x0020
(307B) 0074  0000000001110100 (  63)                 .FILL x0074
(307C) 006F  0000000001101111 (  63)                 .FILL x006F
(307D) 0020  0000000000100000 (  63)                 .FILL x0020
(307E) 0064  0000000001100100 (  63)                 .FILL x0064
(307F) 0065  0000000001100101 (  63)                 .FILL x0065
(3080) 0063  0000000001100011 (  63)                 .FILL x0063
(3081) 0072  0000000001110010 (  63)                 .FILL x0072
(3082) 0079  0000000001111001 (  63)                 .FILL x0079
(3083) 0070  0000000001110000 (  63)                 .FILL x0070
(3084) 0074  0000000001110100 (  63)                 .FILL x0074
(3085) 0020  0000000000100000 (  63)                 .FILL x0020
(3086) 0079  0000000001111001 (  63)                 .FILL x0079
(3087) 006F  0000000001101111 (  63)                 .FILL x006F
(3088) 0075  0000000001110101 (  63)                 .FILL x0075
(3089) 0072  0000000001110010 (  63)                 .FILL x0072
(308A) 0020  0000000000100000 (  63)                 .FILL x0020
(308B) 006D  0000000001101101 (  63)                 .FILL x006D
(308C) 0065  0000000001100101 (  63)                 .FILL x0065
(308D) 0073  0000000001110011 (  63)                 .FILL x0073
(308E) 0073  0000000001110011 (  63)                 .FILL x0073
(308F) 0061  0000000001100001 (  63)                 .FILL x0061
(3090) 0067  0000000001100111 (  63)                 .FILL x0067
(3091) 0065  0000000001100101 (  63)                 .FILL x0065
(3092) 002E  0000000000101110 (  63)                 .FILL x002E
(3093) 000A  0000000000001010 (  63)                 .FILL x000A
(3094) 0000  0000000000000000 (  63)                 .FILL x0000
(3095) 0054  0000000001010100 (  64) ERRORED         .FILL x0054
(3096) 0048  0000000001001000 (  64)                 .FILL x0048
(3097) 0041  0000000001000001 (  64)                 .FILL x0041
(3098) 0054  0000000001010100 (  64)                 .FILL x0054
(3099) 0020  0000000000100000 (  64)                 .FILL x0020
(309A) 0049  0000000001001001 (  64)                 .FILL x0049
(309B) 0053  0000000001010011 (  64)                 .FILL x0053
(309C) 0020  0000000000100000 (  64)                 .FILL x0020
(309D) 0041  0000000001000001 (  64)                 .FILL x0041
(309E) 004E  0000000001001110 (  64)                 .FILL x004E
(309F) 0020  0000000000100000 (  64)                 .FILL x0020
(30A0) 0049  0000000001001001 (  64)                 .FILL x0049
(30A1) 004C  0000000001001100 (  64)                 .FILL x004C
(30A2) 004C  0000000001001100 (  64)                 .FILL x004C
(30A3) 0045  0000000001000101 (  64)                 .FILL x0045
(30A4) 0047  0000000001000111 (  64)                 .FILL x0047
(30A5) 0041  0000000001000001 (  64)                 .FILL x0041
(30A6) 004C  0000000001001100 (  64)                 .FILL x004C
(30A7) 0020  0000000000100000 (  64)                 .FILL x0020
(30A8) 0043  0000000001000011 (  64)                 .FILL x0043
(30A9) 0048  0000000001001000 (  64)                 .FILL x0048
(30AA) 0041  0000000001000001 (  64)                 .FILL x0041
(30AB) 0052  0000000001010010 (  64)                 .FILL x0052
(30AC) 0041  0000000001000001 (  64)                 .FILL x0041
(30AD) 0043  0000000001000011 (  64)                 .FILL x0043
(30AE) 0054  0000000001010100 (  64)                 .FILL x0054
(30AF) 0045  0000000001000101 (  64)                 .FILL x0045
(30B0) 0052  0000000001010010 (  64)                 .FILL x0052
(30B1) 002E  0000000000101110 (  64)                 .FILL x002E
(30B2) 0020  0000000000100000 (  64)                 .FILL x0020
(30B3) 0050  0000000001010000 (  64)                 .FILL x0050
(30B4) 004C  0000000001001100 (  64)                 .FILL x004C
(30B5) 0045  0000000001000101 (  64)                 .FILL x0045
(30B6) 0041  0000000001000001 (  64)                 .FILL x0041
(30B7) 0053  0000000001010011 (  64)                 .FILL x0053
(30B8) 0045  0000000001000101 (  64)                 .FILL x0045
(30B9) 0020  0000000000100000 (  64)                 .FILL x0020
(30BA) 0054  0000000001010100 (  64)                 .FILL x0054
(30BB) 0052  0000000001010010 (  64)                 .FILL x0052
(30BC) 0059  0000000001011001 (  64)                 .FILL x0059
(30BD) 0020  0000000000100000 (  64)                 .FILL x0020
(30BE) 0041  0000000001000001 (  64)                 .FILL x0041
(30BF) 0047  0000000001000111 (  64)                 .FILL x0047
(30C0) 0041  0000000001000001 (  64)                 .FILL x0041
(30C1) 0049  0000000001001001 (  64)                 .FILL x0049
(30C2) 004E  0000000001001110 (  64)                 .FILL x004E
(30C3) 002E  0000000000101110 (  64)                 .FILL x002E
(30C4) 0000  0000000000000000 (  64)                 .FILL x0000
(30C5) 000A  0000000000001010 (  65) NEWLINE         .FILL x000A
(30C6) 0000  0000000000000000 (  65)                 .FILL x0000
(30C7) 0059  0000000001011001 (  66) DECISION        .FILL x0059
(30C8) 006F  0000000001101111 (  66)                 .FILL x006F
(30C9) 0075  0000000001110101 (  66)                 .FILL x0075
(30CA) 0020  0000000000100000 (  66)                 .FILL x0020
(30CB) 0077  0000000001110111 (  66)                 .FILL x0077
(30CC) 0061  0000000001100001 (  66)                 .FILL x0061
(30CD) 006E  0000000001101110 (  66)                 .FILL x006E
(30CE) 0074  0000000001110100 (  66)                 .FILL x0074
(30CF) 0020  0000000000100000 (  66)                 .FILL x0020
(30D0) 0074  0000000001110100 (  66)                 .FILL x0074
(30D1) 006F  0000000001101111 (  66)                 .FILL x006F
(30D2) 002D  0000000000101101 (  66)                 .FILL x002D
(30D3) 002D  0000000000101101 (  66)                 .FILL x002D
(30D4) 003E  0000000000111110 (  66)                 .FILL x003E
(30D5) 0020  0000000000100000 (  66)                 .FILL x0020
(30D6) 0000  0000000000000000 (  66)                 .FILL x0000
(30D7) 0020  0000000000100000 (  67) DECISION1       .FILL x0020
(30D8) 0079  0000000001111001 (  67)                 .FILL x0079
(30D9) 006F  0000000001101111 (  67)                 .FILL x006F
(30DA) 0075  0000000001110101 (  67)                 .FILL x0075
(30DB) 0072  0000000001110010 (  67)                 .FILL x0072
(30DC) 0020  0000000000100000 (  67)                 .FILL x0020
(30DD) 006D  0000000001101101 (  67)                 .FILL x006D
(30DE) 0065  0000000001100101 (  67)                 .FILL x0065
(30DF) 0073  0000000001110011 (  67)                 .FILL x0073
(30E0) 0073  0000000001110011 (  67)                 .FILL x0073
(30E1) 0061  0000000001100001 (  67)                 .FILL x0061
(30E2) 0067  0000000001100111 (  67)                 .FILL x0067
(30E3) 0065  0000000001100101 (  67)                 .FILL x0065
(30E4) 002E  0000000000101110 (  67)                 .FILL x002E
(30E5) 0000  0000000000000000 (  67)                 .FILL x0000
