(0000) 3000  0011000000000000 (   1)                 .ORIG x3000
(3000) 5020  0101000000100000 (   5) START           AND   R0 R0 #0
(3001) 5220  0101001000100000 (   6)                 AND   R1 R0 #0
(3002) 5420  0101010000100000 (   7)                 AND   R2 R0 #0
(3003) 5620  0101011000100000 (   8)                 AND   R3 R0 #0
(3004) 5820  0101100000100000 (   9)                 AND   R4 R0 #0
(3005) 5A20  0101101000100000 (  10)                 AND   R5 R0 #0
(3006) 5C20  0101110000100000 (  11)                 AND   R6 R0 #0
(3007) 5E20  0101111000100000 (  12)                 AND   R7 R0 #0
(3008) E015  1110000000010101 (  15)                 LEA   R0 PROMPTED
(3009) F022  1111000000100010 (  16)                 TRAP  x22
(300A) F020  1111000000100000 (  18)                 TRAP  x20
(300B) F021  1111000000100001 (  19)                 TRAP  x21
(300C) B075  1011000001110101 (  21)                 STI   R0 INPUTED
(300D) E072  1110000001110010 (  23)                 LEA   R0 NEWLINE
(300E) F022  1111000000100010 (  24)                 TRAP  x22
(300F) E021  1110000000100001 (  26)                 LEA   R0 PROMPTEK
(3010) F022  1111000000100010 (  27)                 TRAP  x22
(3011) 2272  0010001001110010 (  29)                 LD    R1 RETURN
(3012) F020  1111000000100000 (  32) ENCRYPTKEY      TRAP  x20
(3013) F021  1111000000100001 (  33)                 TRAP  x21
(3014) 1601  0001011000000001 (  35)                 ADD   R3 R0 R1
(3015) 0402  0000010000000010 (  36)                 BRZ   ENDENCRYPTKEY
(3016) 7080  0111000010000000 (  38)                 STR   R0 R2 #0
(3017) 0FFA  0000111111111010 (  42)                 BRNZP ENCRYPTKEY
(3018) E080  1110000010000000 (  47) ENDENCRYPTKEY   LEA   R0 NUMARRAY
(3019) F022  1111000000100010 (  48)                 TRAP  x22
(301A) B068  1011000001101000 (  50)                 STI   R0 INPUTEK
(301B) E043  1110000001000011 (  52)                 LEA   R0 PROMPTIM
(301C) F022  1111000000100010 (  53)                 TRAP  x22
(301D) F025  1111000000100101 (  58)                 TRAP  x25
(301E) 0050  0000000001010000 (  61) PROMPTED        .FILL x0050
(301F) 006C  0000000001101100 (  61)                 .FILL x006C
(3020) 0065  0000000001100101 (  61)                 .FILL x0065
(3021) 0061  0000000001100001 (  61)                 .FILL x0061
(3022) 0073  0000000001110011 (  61)                 .FILL x0073
(3023) 0065  0000000001100101 (  61)                 .FILL x0065
(3024) 0020  0000000000100000 (  61)                 .FILL x0020
(3025) 0065  0000000001100101 (  61)                 .FILL x0065
(3026) 006E  0000000001101110 (  61)                 .FILL x006E
(3027) 0074  0000000001110100 (  61)                 .FILL x0074
(3028) 0065  0000000001100101 (  61)                 .FILL x0065
(3029) 0072  0000000001110010 (  61)                 .FILL x0072
(302A) 0020  0000000000100000 (  61)                 .FILL x0020
(302B) 0045  0000000001000101 (  61)                 .FILL x0045
(302C) 002F  0000000000101111 (  61)                 .FILL x002F
(302D) 0044  0000000001000100 (  61)                 .FILL x0044
(302E) 003A  0000000000111010 (  61)                 .FILL x003A
(302F) 0020  0000000000100000 (  61)                 .FILL x0020
(3030) 0000  0000000000000000 (  61)                 .FILL x0000
(3031) 0050  0000000001010000 (  62) PROMPTEK        .FILL x0050
(3032) 006C  0000000001101100 (  62)                 .FILL x006C
(3033) 0065  0000000001100101 (  62)                 .FILL x0065
(3034) 0061  0000000001100001 (  62)                 .FILL x0061
(3035) 0073  0000000001110011 (  62)                 .FILL x0073
(3036) 0065  0000000001100101 (  62)                 .FILL x0065
(3037) 0020  0000000000100000 (  62)                 .FILL x0020
(3038) 0065  0000000001100101 (  62)                 .FILL x0065
(3039) 006E  0000000001101110 (  62)                 .FILL x006E
(303A) 0074  0000000001110100 (  62)                 .FILL x0074
(303B) 0065  0000000001100101 (  62)                 .FILL x0065
(303C) 0072  0000000001110010 (  62)                 .FILL x0072
(303D) 0020  0000000000100000 (  62)                 .FILL x0020
(303E) 0061  0000000001100001 (  62)                 .FILL x0061
(303F) 006E  0000000001101110 (  62)                 .FILL x006E
(3040) 0020  0000000000100000 (  62)                 .FILL x0020
(3041) 0069  0000000001101001 (  62)                 .FILL x0069
(3042) 006E  0000000001101110 (  62)                 .FILL x006E
(3043) 0074  0000000001110100 (  62)                 .FILL x0074
(3044) 0065  0000000001100101 (  62)                 .FILL x0065
(3045) 0067  0000000001100111 (  62)                 .FILL x0067
(3046) 0065  0000000001100101 (  62)                 .FILL x0065
(3047) 0072  0000000001110010 (  62)                 .FILL x0072
(3048) 0020  0000000000100000 (  62)                 .FILL x0020
(3049) 006E  0000000001101110 (  62)                 .FILL x006E
(304A) 0075  0000000001110101 (  62)                 .FILL x0075
(304B) 006D  0000000001101101 (  62)                 .FILL x006D
(304C) 0062  0000000001100010 (  62)                 .FILL x0062
(304D) 0065  0000000001100101 (  62)                 .FILL x0065
(304E) 0072  0000000001110010 (  62)                 .FILL x0072
(304F) 0020  0000000000100000 (  62)                 .FILL x0020
(3050) 0066  0000000001100110 (  62)                 .FILL x0066
(3051) 0072  0000000001110010 (  62)                 .FILL x0072
(3052) 006F  0000000001101111 (  62)                 .FILL x006F
(3053) 006D  0000000001101101 (  62)                 .FILL x006D
(3054) 0020  0000000000100000 (  62)                 .FILL x0020
(3055) 0030  0000000000110000 (  62)                 .FILL x0030
(3056) 0020  0000000000100000 (  62)                 .FILL x0020
(3057) 0074  0000000001110100 (  62)                 .FILL x0074
(3058) 006F  0000000001101111 (  62)                 .FILL x006F
(3059) 0020  0000000000100000 (  62)                 .FILL x0020
(305A) 0033  0000000000110011 (  62)                 .FILL x0033
(305B) 0031  0000000000110001 (  62)                 .FILL x0031
(305C) 003A  0000000000111010 (  62)                 .FILL x003A
(305D) 0020  0000000000100000 (  62)                 .FILL x0020
(305E) 0000  0000000000000000 (  62)                 .FILL x0000
(305F) 0050  0000000001010000 (  63) PROMPTIM        .FILL x0050
(3060) 006C  0000000001101100 (  63)                 .FILL x006C
(3061) 0065  0000000001100101 (  63)                 .FILL x0065
(3062) 0061  0000000001100001 (  63)                 .FILL x0061
(3063) 0073  0000000001110011 (  63)                 .FILL x0073
(3064) 0065  0000000001100101 (  63)                 .FILL x0065
(3065) 0020  0000000000100000 (  63)                 .FILL x0020
(3066) 0065  0000000001100101 (  63)                 .FILL x0065
(3067) 006E  0000000001101110 (  63)                 .FILL x006E
(3068) 0074  0000000001110100 (  63)                 .FILL x0074
(3069) 0065  0000000001100101 (  63)                 .FILL x0065
(306A) 0072  0000000001110010 (  63)                 .FILL x0072
(306B) 0020  0000000000100000 (  63)                 .FILL x0020
(306C) 0079  0000000001111001 (  63)                 .FILL x0079
(306D) 006F  0000000001101111 (  63)                 .FILL x006F
(306E) 0075  0000000001110101 (  63)                 .FILL x0075
(306F) 0072  0000000001110010 (  63)                 .FILL x0072
(3070) 0020  0000000000100000 (  63)                 .FILL x0020
(3071) 006D  0000000001101101 (  63)                 .FILL x006D
(3072) 0065  0000000001100101 (  63)                 .FILL x0065
(3073) 0073  0000000001110011 (  63)                 .FILL x0073
(3074) 0073  0000000001110011 (  63)                 .FILL x0073
(3075) 0061  0000000001100001 (  63)                 .FILL x0061
(3076) 0067  0000000001100111 (  63)                 .FILL x0067
(3077) 0065  0000000001100101 (  63)                 .FILL x0065
(3078) 0020  0000000000100000 (  63)                 .FILL x0020
(3079) 0068  0000000001101000 (  63)                 .FILL x0068
(307A) 0065  0000000001100101 (  63)                 .FILL x0065
(307B) 0072  0000000001110010 (  63)                 .FILL x0072
(307C) 0065  0000000001100101 (  63)                 .FILL x0065
(307D) 003A  0000000000111010 (  63)                 .FILL x003A
(307E) 0020  0000000000100000 (  63)                 .FILL x0020
(307F) 0000  0000000000000000 (  63)                 .FILL x0000
(3080) 000A  0000000000001010 (  64) NEWLINE         .FILL x000A
(3081) 0000  0000000000000000 (  64)                 .FILL x0000
(3082) 3200  0011001000000000 (  67) INPUTED         .FILL x3200
(3083) 3201  0011001000000001 (  68) INPUTEK         .FILL x3201
(3084) FFF3  1111111111110011 (  69) RETURN          .FILL xFFF3
(3085) 0000  0000000000000000 (  71) MAXCHAR         .FILL x0000
(3086) 0000  0000000000000000 (  71)                 .FILL x0000
(3087) 0000  0000000000000000 (  71)                 .FILL x0000
(3088) 0000  0000000000000000 (  71)                 .FILL x0000
(3089) 0000  0000000000000000 (  71)                 .FILL x0000
(308A) 0000  0000000000000000 (  71)                 .FILL x0000
(308B) 0000  0000000000000000 (  71)                 .FILL x0000
(308C) 0000  0000000000000000 (  71)                 .FILL x0000
(308D) 0000  0000000000000000 (  71)                 .FILL x0000
(308E) 0000  0000000000000000 (  71)                 .FILL x0000
(308F) 0000  0000000000000000 (  71)                 .FILL x0000
(3090) 0000  0000000000000000 (  71)                 .FILL x0000
(3091) 0000  0000000000000000 (  71)                 .FILL x0000
(3092) 0000  0000000000000000 (  71)                 .FILL x0000
(3093) 0000  0000000000000000 (  71)                 .FILL x0000
(3094) 0000  0000000000000000 (  71)                 .FILL x0000
(3095) 0000  0000000000000000 (  71)                 .FILL x0000
(3096) 0000  0000000000000000 (  71)                 .FILL x0000
(3097) 0000  0000000000000000 (  71)                 .FILL x0000
(3098) 0000  0000000000000000 (  71)                 .FILL x0000
(3099) 0000  0000000000000000 (  73) NUMARRAY        .FILL x0000
(309A) 0000  0000000000000000 (  73)                 .FILL x0000
