(0000) 3000  0011000000000000 (  37)                 .ORIG x3000
(3000) 5020  0101000000100000 (  44) START           AND   R0 R0 #0
(3001) 5220  0101001000100000 (  46)                 AND   R1 R0 #0
(3002) 5420  0101010000100000 (  48)                 AND   R2 R0 #0
(3003) 5620  0101011000100000 (  50)                 AND   R3 R0 #0
(3004) 5820  0101100000100000 (  52)                 AND   R4 R0 #0
(3005) 5A20  0101101000100000 (  55)                 AND   R5 R0 #0
(3006) 5C20  0101110000100000 (  56)                 AND   R6 R0 #0
(3007) 5E20  0101111000100000 (  57)                 AND   R7 R0 #0
(3008) E02F  1110000000101111 (  61)                 LEA   R0 GREETING
(3009) F022  1111000000100010 (  63)                 TRAP  x22
(300A) E03D  1110000000111101 (  69)                 LEA   R0 PROMPT1
(300B) F022  1111000000100010 (  71)                 TRAP  x22
(300C) F020  1111000000100000 (  76)                 TRAP  x20
(300D) F021  1111000000100001 (  78)                 TRAP  x21
(300E) 30E5  0011000011100101 (  83)                 ST    R0 USERINPUT1
(300F) E082  1110000010000010 (  88)                 LEA   R0 NEWLINE
(3010) F022  1111000000100010 (  90)                 TRAP  x22
(3011) 20E2  0010000011100010 (  95)                 LD    R0 USERINPUT1
(3012) F021  1111000000100001 (  97)                 TRAP  x21
(3013) E056  1110000001010110 ( 103)                 LEA   R0 PROMPT2
(3014) F022  1111000000100010 ( 105)                 TRAP  x22
(3015) F020  1111000000100000 ( 110)                 TRAP  x20
(3016) F021  1111000000100001 ( 112)                 TRAP  x21
(3017) 30DD  0011000011011101 ( 117)                 ST    R0 USERINPUT2
(3018) E079  1110000001111001 ( 121)                 LEA   R0 NEWLINE
(3019) F022  1111000000100010 ( 123)                 TRAP  x22
(301A) 20DA  0010000011011010 ( 127)                 LD    R0 USERINPUT2
(301B) F021  1111000000100001 ( 129)                 TRAP  x21
(301C) 2ADA  0010101011011010 ( 138)                 LD    R5 ASCII_OFFSET
(301D) 22D6  0010001011010110 ( 140)                 LD    R1 USERINPUT1
(301E) 1245  0001001001000101 ( 142)                 ADD   R1 R1 R5
(301F) 24D5  0010010011010101 ( 144)                 LD    R2 USERINPUT2
(3020) 1485  0001010010000101 ( 146)                 ADD   R2 R2 R5
(3021) 5DA0  0101110110100000 ( 149)                 AND   R6 R6 #0
(3022) 5920  0101100100100000 ( 152)                 AND   R4 R4 #0
(3023) 96BF  1001011010111111 ( 154)                 NOT   R3 R2
(3024) 16E1  0001011011100001 ( 155)                 ADD   R3 R3 #1
(3025) E089  1110000010001001 ( 159)                 LEA   R0 DIV_RESULT
(3026) F022  1111000000100010 ( 160)                 TRAP  x22
(3027) 1921  0001100100100001 ( 167) LOOPD           ADD   R4 R4 #1
(3028) 1243  0001001001000011 ( 168)                 ADD   R1 R1 R3
(3029) 0802  0000100000000010 ( 169)                 BRN   NEGATIVE
(302A) 0403  0000010000000011 ( 170)                 BRZ   ZERO
(302B) 03FB  0000001111111011 ( 171)                 BRP   LOOPD
(302C) 193F  0001100100111111 ( 176) NEGATIVE        ADD   R4 R4 #-1
(302D) 1C42  0001110001000010 ( 177)                 ADD   R6 R1 R2
(302E) 2AC7  0010101011000111 ( 180) ZERO            LD    R5 ASCII
(302F) 3CC8  0011110011001000 ( 184)                 ST    R6 DIVISION
(3030) 38C8  0011100011001000 ( 185)                 ST    R4 R
(3031) 1105  0001000100000101 ( 188)                 ADD   R0 R4 R5
(3032) F021  1111000000100001 ( 189)                 TRAP  x21
(3033) E0AB  1110000010101011 ( 192)                 LEA   R0 REM
(3034) F022  1111000000100010 ( 193)                 TRAP  x22
(3035) 1185  0001000110000101 ( 195)                 ADD   R0 R6 R5
(3036) F021  1111000000100001 ( 196)                 TRAP  x21
(3037) F025  1111000000100101 ( 198)                 TRAP  x25
(3038) 000A  0000000000001010 ( 201) GREETING        .FILL x000A
(3039) 0048  0000000001001000 ( 201)                 .FILL x0048
(303A) 0065  0000000001100101 ( 201)                 .FILL x0065
(303B) 006C  0000000001101100 ( 201)                 .FILL x006C
(303C) 006C  0000000001101100 ( 201)                 .FILL x006C
(303D) 006F  0000000001101111 ( 201)                 .FILL x006F
(303E) 002C  0000000000101100 ( 201)                 .FILL x002C
(303F) 0020  0000000000100000 ( 201)                 .FILL x0020
(3040) 0074  0000000001110100 ( 201)                 .FILL x0074
(3041) 0068  0000000001101000 ( 201)                 .FILL x0068
(3042) 0065  0000000001100101 ( 201)                 .FILL x0065
(3043) 0072  0000000001110010 ( 201)                 .FILL x0072
(3044) 0065  0000000001100101 ( 201)                 .FILL x0065
(3045) 0021  0000000000100001 ( 201)                 .FILL x0021
(3046) 000A  0000000000001010 ( 201)                 .FILL x000A
(3047) 0000  0000000000000000 ( 201)                 .FILL x0000
(3048) 000A  0000000000001010 ( 203) PROMPT1         .FILL x000A
(3049) 0050  0000000001010000 ( 203)                 .FILL x0050
(304A) 006C  0000000001101100 ( 203)                 .FILL x006C
(304B) 0065  0000000001100101 ( 203)                 .FILL x0065
(304C) 0061  0000000001100001 ( 203)                 .FILL x0061
(304D) 0073  0000000001110011 ( 203)                 .FILL x0073
(304E) 0065  0000000001100101 ( 203)                 .FILL x0065
(304F) 0020  0000000000100000 ( 203)                 .FILL x0020
(3050) 0065  0000000001100101 ( 203)                 .FILL x0065
(3051) 006E  0000000001101110 ( 203)                 .FILL x006E
(3052) 0074  0000000001110100 ( 203)                 .FILL x0074
(3053) 0065  0000000001100101 ( 203)                 .FILL x0065
(3054) 0072  0000000001110010 ( 203)                 .FILL x0072
(3055) 0020  0000000000100000 ( 203)                 .FILL x0020
(3056) 0061  0000000001100001 ( 203)                 .FILL x0061
(3057) 0020  0000000000100000 ( 203)                 .FILL x0020
(3058) 0031  0000000000110001 ( 203)                 .FILL x0031
(3059) 002D  0000000000101101 ( 203)                 .FILL x002D
(305A) 0064  0000000001100100 ( 203)                 .FILL x0064
(305B) 0069  0000000001101001 ( 203)                 .FILL x0069
(305C) 0067  0000000001100111 ( 203)                 .FILL x0067
(305D) 0069  0000000001101001 ( 203)                 .FILL x0069
(305E) 0074  0000000001110100 ( 203)                 .FILL x0074
(305F) 0020  0000000000100000 ( 203)                 .FILL x0020
(3060) 006E  0000000001101110 ( 203)                 .FILL x006E
(3061) 0075  0000000001110101 ( 203)                 .FILL x0075
(3062) 006D  0000000001101101 ( 203)                 .FILL x006D
(3063) 0062  0000000001100010 ( 203)                 .FILL x0062
(3064) 0065  0000000001100101 ( 203)                 .FILL x0065
(3065) 0072  0000000001110010 ( 203)                 .FILL x0072
(3066) 003A  0000000000111010 ( 203)                 .FILL x003A
(3067) 0020  0000000000100000 ( 203)                 .FILL x0020
(3068) 000A  0000000000001010 ( 203)                 .FILL x000A
(3069) 0000  0000000000000000 ( 203)                 .FILL x0000
(306A) 000A  0000000000001010 ( 205) PROMPT2         .FILL x000A
(306B) 0050  0000000001010000 ( 205)                 .FILL x0050
(306C) 006C  0000000001101100 ( 205)                 .FILL x006C
(306D) 0065  0000000001100101 ( 205)                 .FILL x0065
(306E) 0061  0000000001100001 ( 205)                 .FILL x0061
(306F) 0073  0000000001110011 ( 205)                 .FILL x0073
(3070) 0065  0000000001100101 ( 205)                 .FILL x0065
(3071) 0020  0000000000100000 ( 205)                 .FILL x0020
(3072) 0065  0000000001100101 ( 205)                 .FILL x0065
(3073) 006E  0000000001101110 ( 205)                 .FILL x006E
(3074) 0074  0000000001110100 ( 205)                 .FILL x0074
(3075) 0065  0000000001100101 ( 205)                 .FILL x0065
(3076) 0072  0000000001110010 ( 205)                 .FILL x0072
(3077) 0020  0000000000100000 ( 205)                 .FILL x0020
(3078) 0061  0000000001100001 ( 205)                 .FILL x0061
(3079) 006E  0000000001101110 ( 205)                 .FILL x006E
(307A) 006F  0000000001101111 ( 205)                 .FILL x006F
(307B) 0074  0000000001110100 ( 205)                 .FILL x0074
(307C) 0068  0000000001101000 ( 205)                 .FILL x0068
(307D) 0065  0000000001100101 ( 205)                 .FILL x0065
(307E) 0072  0000000001110010 ( 205)                 .FILL x0072
(307F) 0020  0000000000100000 ( 205)                 .FILL x0020
(3080) 0031  0000000000110001 ( 205)                 .FILL x0031
(3081) 002D  0000000000101101 ( 205)                 .FILL x002D
(3082) 0064  0000000001100100 ( 205)                 .FILL x0064
(3083) 0069  0000000001101001 ( 205)                 .FILL x0069
(3084) 0067  0000000001100111 ( 205)                 .FILL x0067
(3085) 0069  0000000001101001 ( 205)                 .FILL x0069
(3086) 0074  0000000001110100 ( 205)                 .FILL x0074
(3087) 0020  0000000000100000 ( 205)                 .FILL x0020
(3088) 006E  0000000001101110 ( 205)                 .FILL x006E
(3089) 0075  0000000001110101 ( 205)                 .FILL x0075
(308A) 006D  0000000001101101 ( 205)                 .FILL x006D
(308B) 0062  0000000001100010 ( 205)                 .FILL x0062
(308C) 0065  0000000001100101 ( 205)                 .FILL x0065
(308D) 0072  0000000001110010 ( 205)                 .FILL x0072
(308E) 003A  0000000000111010 ( 205)                 .FILL x003A
(308F) 0020  0000000000100000 ( 205)                 .FILL x0020
(3090) 000A  0000000000001010 ( 205)                 .FILL x000A
(3091) 0000  0000000000000000 ( 205)                 .FILL x0000
(3092) 000A  0000000000001010 ( 207) NEWLINE         .FILL x000A
(3093) 0054  0000000001010100 ( 207)                 .FILL x0054
(3094) 0068  0000000001101000 ( 207)                 .FILL x0068
(3095) 0065  0000000001100101 ( 207)                 .FILL x0065
(3096) 0020  0000000000100000 ( 207)                 .FILL x0020
(3097) 006E  0000000001101110 ( 207)                 .FILL x006E
(3098) 0075  0000000001110101 ( 207)                 .FILL x0075
(3099) 006D  0000000001101101 ( 207)                 .FILL x006D
(309A) 0062  0000000001100010 ( 207)                 .FILL x0062
(309B) 0065  0000000001100101 ( 207)                 .FILL x0065
(309C) 0072  0000000001110010 ( 207)                 .FILL x0072
(309D) 0020  0000000000100000 ( 207)                 .FILL x0020
(309E) 0079  0000000001111001 ( 207)                 .FILL x0079
(309F) 006F  0000000001101111 ( 207)                 .FILL x006F
(30A0) 0075  0000000001110101 ( 207)                 .FILL x0075
(30A1) 0020  0000000000100000 ( 207)                 .FILL x0020
(30A2) 0065  0000000001100101 ( 207)                 .FILL x0065
(30A3) 006E  0000000001101110 ( 207)                 .FILL x006E
(30A4) 0074  0000000001110100 ( 207)                 .FILL x0074
(30A5) 0065  0000000001100101 ( 207)                 .FILL x0065
(30A6) 0072  0000000001110010 ( 207)                 .FILL x0072
(30A7) 0065  0000000001100101 ( 207)                 .FILL x0065
(30A8) 0064  0000000001100100 ( 207)                 .FILL x0064
(30A9) 0020  0000000000100000 ( 207)                 .FILL x0020
(30AA) 0069  0000000001101001 ( 207)                 .FILL x0069
(30AB) 0073  0000000001110011 ( 207)                 .FILL x0073
(30AC) 003A  0000000000111010 ( 207)                 .FILL x003A
(30AD) 0020  0000000000100000 ( 207)                 .FILL x0020
(30AE) 0000  0000000000000000 ( 207)                 .FILL x0000
(30AF) 000A  0000000000001010 ( 209) DIV_RESULT      .FILL x000A
(30B0) 0054  0000000001010100 ( 209)                 .FILL x0054
(30B1) 0068  0000000001101000 ( 209)                 .FILL x0068
(30B2) 0065  0000000001100101 ( 209)                 .FILL x0065
(30B3) 0020  0000000000100000 ( 209)                 .FILL x0020
(30B4) 0044  0000000001000100 ( 209)                 .FILL x0044
(30B5) 0049  0000000001001001 ( 209)                 .FILL x0049
(30B6) 0056  0000000001010110 ( 209)                 .FILL x0056
(30B7) 0049  0000000001001001 ( 209)                 .FILL x0049
(30B8) 0053  0000000001010011 ( 209)                 .FILL x0053
(30B9) 0049  0000000001001001 ( 209)                 .FILL x0049
(30BA) 004F  0000000001001111 ( 209)                 .FILL x004F
(30BB) 004E  0000000001001110 ( 209)                 .FILL x004E
(30BC) 0020  0000000000100000 ( 209)                 .FILL x0020
(30BD) 0072  0000000001110010 ( 209)                 .FILL x0072
(30BE) 0065  0000000001100101 ( 209)                 .FILL x0065
(30BF) 0073  0000000001110011 ( 209)                 .FILL x0073
(30C0) 0075  0000000001110101 ( 209)                 .FILL x0075
(30C1) 006C  0000000001101100 ( 209)                 .FILL x006C
(30C2) 0074  0000000001110100 ( 209)                 .FILL x0074
(30C3) 0020  0000000000100000 ( 209)                 .FILL x0020
(30C4) 006F  0000000001101111 ( 209)                 .FILL x006F
(30C5) 0066  0000000001100110 ( 209)                 .FILL x0066
(30C6) 0020  0000000000100000 ( 209)                 .FILL x0020
(30C7) 0074  0000000001110100 ( 209)                 .FILL x0074
(30C8) 0068  0000000001101000 ( 209)                 .FILL x0068
(30C9) 0065  0000000001100101 ( 209)                 .FILL x0065
(30CA) 0073  0000000001110011 ( 209)                 .FILL x0073
(30CB) 0065  0000000001100101 ( 209)                 .FILL x0065
(30CC) 0020  0000000000100000 ( 209)                 .FILL x0020
(30CD) 0074  0000000001110100 ( 209)                 .FILL x0074
(30CE) 0077  0000000001110111 ( 209)                 .FILL x0077
(30CF) 006F  0000000001101111 ( 209)                 .FILL x006F
(30D0) 0020  0000000000100000 ( 209)                 .FILL x0020
(30D1) 006E  0000000001101110 ( 209)                 .FILL x006E
(30D2) 0075  0000000001110101 ( 209)                 .FILL x0075
(30D3) 006D  0000000001101101 ( 209)                 .FILL x006D
(30D4) 0062  0000000001100010 ( 209)                 .FILL x0062
(30D5) 0065  0000000001100101 ( 209)                 .FILL x0065
(30D6) 0072  0000000001110010 ( 209)                 .FILL x0072
(30D7) 0073  0000000001110011 ( 209)                 .FILL x0073
(30D8) 0020  0000000000100000 ( 209)                 .FILL x0020
(30D9) 0069  0000000001101001 ( 209)                 .FILL x0069
(30DA) 0073  0000000001110011 ( 209)                 .FILL x0073
(30DB) 003A  0000000000111010 ( 209)                 .FILL x003A
(30DC) 0020  0000000000100000 ( 209)                 .FILL x0020
(30DD) 000A  0000000000001010 ( 209)                 .FILL x000A
(30DE) 0000  0000000000000000 ( 209)                 .FILL x0000
(30DF) 000A  0000000000001010 ( 211) REM             .FILL x000A
(30E0) 0054  0000000001010100 ( 211)                 .FILL x0054
(30E1) 0068  0000000001101000 ( 211)                 .FILL x0068
(30E2) 0065  0000000001100101 ( 211)                 .FILL x0065
(30E3) 0020  0000000000100000 ( 211)                 .FILL x0020
(30E4) 0052  0000000001010010 ( 211)                 .FILL x0052
(30E5) 0045  0000000001000101 ( 211)                 .FILL x0045
(30E6) 004D  0000000001001101 ( 211)                 .FILL x004D
(30E7) 0041  0000000001000001 ( 211)                 .FILL x0041
(30E8) 0049  0000000001001001 ( 211)                 .FILL x0049
(30E9) 004E  0000000001001110 ( 211)                 .FILL x004E
(30EA) 0044  0000000001000100 ( 211)                 .FILL x0044
(30EB) 0045  0000000001000101 ( 211)                 .FILL x0045
(30EC) 0052  0000000001010010 ( 211)                 .FILL x0052
(30ED) 0020  0000000000100000 ( 211)                 .FILL x0020
(30EE) 0069  0000000001101001 ( 211)                 .FILL x0069
(30EF) 0073  0000000001110011 ( 211)                 .FILL x0073
(30F0) 003A  0000000000111010 ( 211)                 .FILL x003A
(30F1) 0020  0000000000100000 ( 211)                 .FILL x0020
(30F2) 000A  0000000000001010 ( 211)                 .FILL x000A
(30F3) 0000  0000000000000000 ( 211)                 .FILL x0000
(30F4) 4100  0100000100000000 ( 215) USERINPUT1      .FILL x4100
(30F5) 4101  0100000100000001 ( 217) USERINPUT2      .FILL x4101
(30F6) 0030  0000000000110000 ( 219) ASCII           .FILL x0030
(30F7) FFD0  1111111111010000 ( 220) ASCII_OFFSET    .FILL xFFD0
(30F8) 3102  0011000100000010 ( 221) DIVISION        .FILL x3102
(30F9) 3103  0011000100000011 ( 224) R               .FILL x3103
