(0000) 3000  0011000000000000 (  37)                 .ORIG x3000
(3000) 5020  0101000000100000 (  44) START           AND   R0 R0 #0
(3001) 5220  0101001000100000 (  46)                 AND   R1 R0 #0
(3002) 5420  0101010000100000 (  48)                 AND   R2 R0 #0
(3003) 5620  0101011000100000 (  50)                 AND   R3 R0 #0
(3004) 5820  0101100000100000 (  52)                 AND   R4 R0 #0
(3005) 5A20  0101101000100000 (  55)                 AND   R5 R0 #0
(3006) 5C20  0101110000100000 (  56)                 AND   R6 R0 #0
(3007) 5E20  0101111000100000 (  57)                 AND   R7 R0 #0
(3008) E02F  1110000000101111 (  61)                 LEA   R0 GREETING
(3009) F022  1111000000100010 (  63)                 TRAP  x22
(300A) E03D  1110000000111101 (  69)                 LEA   R0 PROMPT1
(300B) F022  1111000000100010 (  71)                 TRAP  x22
(300C) F020  1111000000100000 (  76)                 TRAP  x20
(300D) F021  1111000000100001 (  78)                 TRAP  x21
(300E) 30D7  0011000011010111 (  83)                 ST    R0 USERINPUT1
(300F) E082  1110000010000010 (  88)                 LEA   R0 NEWLINE
(3010) F022  1111000000100010 (  90)                 TRAP  x22
(3011) 20D4  0010000011010100 (  95)                 LD    R0 USERINPUT1
(3012) F021  1111000000100001 (  97)                 TRAP  x21
(3013) E056  1110000001010110 ( 103)                 LEA   R0 PROMPT2
(3014) F022  1111000000100010 ( 105)                 TRAP  x22
(3015) F020  1111000000100000 ( 110)                 TRAP  x20
(3016) F021  1111000000100001 ( 112)                 TRAP  x21
(3017) 30CF  0011000011001111 ( 117)                 ST    R0 USERINPUT2
(3018) E079  1110000001111001 ( 121)                 LEA   R0 NEWLINE
(3019) F022  1111000000100010 ( 123)                 TRAP  x22
(301A) 20CC  0010000011001100 ( 127)                 LD    R0 USERINPUT2
(301B) F021  1111000000100001 ( 129)                 TRAP  x21
(301C) 56E0  0101011011100000 ( 143)                 AND   R3 R3 #0
(301D) 5920  0101100100100000 ( 147)                 AND   R4 R4 #0
(301E) 2ACA  0010101011001010 ( 151)                 LD    R5 ASCII_OFFSET
(301F) 22C6  0010001011000110 ( 156)                 LD    R1 USERINPUT1
(3020) 1245  0001001001000101 ( 160)                 ADD   R1 R1 R5
(3021) 24C5  0010010011000101 ( 165)                 LD    R2 USERINPUT2
(3022) 1485  0001010010000101 ( 167)                 ADD   R2 R2 R5
(3023) 16C1  0001011011000001 ( 176) MULTIPLY        ADD   R3 R3 R1
(3024) 14BF  0001010010111111 ( 180)                 ADD   R2 R2 #-1
(3025) 03FD  0000001111111101 ( 182)                 BRP   MULTIPLY
(3026) B6BE  1011011010111110 ( 186)                 STI   R3 MULTIPLICATION
(3027) 1921  0001100100100001 ( 190) CORRECT         ADD   R4 R4 #1
(3028) 16F6  0001011011110110 ( 191)                 ADD   R3 R3 #-10
(3029) 0802  0000100000000010 ( 192)                 BRN   NEG
(302A) 0403  0000010000000011 ( 193)                 BRZ   Z
(302B) 03FB  0000001111111011 ( 194)                 BRP   CORRECT
(302C) 193F  0001100100111111 ( 197) NEG             ADD   R4 R4 #-1
(302D) 16EA  0001011011101010 ( 198)                 ADD   R3 R3 #10
(302E) 2AB9  0010101010111001 ( 200) Z               LD    R5 ASCII
(302F) 38BB  0011100010111011 ( 201)                 ST    R4 SECOND
(3030) 36B9  0011011010111001 ( 202)                 ST    R3 FIRST
(3031) E07D  1110000001111101 ( 204)                 LEA   R0 MULT_RESULT
(3032) F022  1111000000100010 ( 205)                 TRAP  x22
(3033) 1105  0001000100000101 ( 206)                 ADD   R0 R4 R5
(3034) F021  1111000000100001 ( 207)                 TRAP  x21
(3035) 10C5  0001000011000101 ( 208)                 ADD   R0 R3 R5
(3036) F021  1111000000100001 ( 209)                 TRAP  x21
(3037) F025  1111000000100101 ( 212)                 TRAP  x25
(3038) 000A  0000000000001010 ( 215) GREETING        .FILL x000A
(3039) 0048  0000000001001000 ( 215)                 .FILL x0048
(303A) 0065  0000000001100101 ( 215)                 .FILL x0065
(303B) 006C  0000000001101100 ( 215)                 .FILL x006C
(303C) 006C  0000000001101100 ( 215)                 .FILL x006C
(303D) 006F  0000000001101111 ( 215)                 .FILL x006F
(303E) 002C  0000000000101100 ( 215)                 .FILL x002C
(303F) 0020  0000000000100000 ( 215)                 .FILL x0020
(3040) 0074  0000000001110100 ( 215)                 .FILL x0074
(3041) 0068  0000000001101000 ( 215)                 .FILL x0068
(3042) 0065  0000000001100101 ( 215)                 .FILL x0065
(3043) 0072  0000000001110010 ( 215)                 .FILL x0072
(3044) 0065  0000000001100101 ( 215)                 .FILL x0065
(3045) 0021  0000000000100001 ( 215)                 .FILL x0021
(3046) 000A  0000000000001010 ( 215)                 .FILL x000A
(3047) 0000  0000000000000000 ( 215)                 .FILL x0000
(3048) 000A  0000000000001010 ( 217) PROMPT1         .FILL x000A
(3049) 0050  0000000001010000 ( 217)                 .FILL x0050
(304A) 006C  0000000001101100 ( 217)                 .FILL x006C
(304B) 0065  0000000001100101 ( 217)                 .FILL x0065
(304C) 0061  0000000001100001 ( 217)                 .FILL x0061
(304D) 0073  0000000001110011 ( 217)                 .FILL x0073
(304E) 0065  0000000001100101 ( 217)                 .FILL x0065
(304F) 0020  0000000000100000 ( 217)                 .FILL x0020
(3050) 0065  0000000001100101 ( 217)                 .FILL x0065
(3051) 006E  0000000001101110 ( 217)                 .FILL x006E
(3052) 0074  0000000001110100 ( 217)                 .FILL x0074
(3053) 0065  0000000001100101 ( 217)                 .FILL x0065
(3054) 0072  0000000001110010 ( 217)                 .FILL x0072
(3055) 0020  0000000000100000 ( 217)                 .FILL x0020
(3056) 0061  0000000001100001 ( 217)                 .FILL x0061
(3057) 0020  0000000000100000 ( 217)                 .FILL x0020
(3058) 0031  0000000000110001 ( 217)                 .FILL x0031
(3059) 002D  0000000000101101 ( 217)                 .FILL x002D
(305A) 0064  0000000001100100 ( 217)                 .FILL x0064
(305B) 0069  0000000001101001 ( 217)                 .FILL x0069
(305C) 0067  0000000001100111 ( 217)                 .FILL x0067
(305D) 0069  0000000001101001 ( 217)                 .FILL x0069
(305E) 0074  0000000001110100 ( 217)                 .FILL x0074
(305F) 0020  0000000000100000 ( 217)                 .FILL x0020
(3060) 006E  0000000001101110 ( 217)                 .FILL x006E
(3061) 0075  0000000001110101 ( 217)                 .FILL x0075
(3062) 006D  0000000001101101 ( 217)                 .FILL x006D
(3063) 0062  0000000001100010 ( 217)                 .FILL x0062
(3064) 0065  0000000001100101 ( 217)                 .FILL x0065
(3065) 0072  0000000001110010 ( 217)                 .FILL x0072
(3066) 003A  0000000000111010 ( 217)                 .FILL x003A
(3067) 0020  0000000000100000 ( 217)                 .FILL x0020
(3068) 000A  0000000000001010 ( 217)                 .FILL x000A
(3069) 0000  0000000000000000 ( 217)                 .FILL x0000
(306A) 000A  0000000000001010 ( 219) PROMPT2         .FILL x000A
(306B) 0050  0000000001010000 ( 219)                 .FILL x0050
(306C) 006C  0000000001101100 ( 219)                 .FILL x006C
(306D) 0065  0000000001100101 ( 219)                 .FILL x0065
(306E) 0061  0000000001100001 ( 219)                 .FILL x0061
(306F) 0073  0000000001110011 ( 219)                 .FILL x0073
(3070) 0065  0000000001100101 ( 219)                 .FILL x0065
(3071) 0020  0000000000100000 ( 219)                 .FILL x0020
(3072) 0065  0000000001100101 ( 219)                 .FILL x0065
(3073) 006E  0000000001101110 ( 219)                 .FILL x006E
(3074) 0074  0000000001110100 ( 219)                 .FILL x0074
(3075) 0065  0000000001100101 ( 219)                 .FILL x0065
(3076) 0072  0000000001110010 ( 219)                 .FILL x0072
(3077) 0020  0000000000100000 ( 219)                 .FILL x0020
(3078) 0061  0000000001100001 ( 219)                 .FILL x0061
(3079) 006E  0000000001101110 ( 219)                 .FILL x006E
(307A) 006F  0000000001101111 ( 219)                 .FILL x006F
(307B) 0074  0000000001110100 ( 219)                 .FILL x0074
(307C) 0068  0000000001101000 ( 219)                 .FILL x0068
(307D) 0065  0000000001100101 ( 219)                 .FILL x0065
(307E) 0072  0000000001110010 ( 219)                 .FILL x0072
(307F) 0020  0000000000100000 ( 219)                 .FILL x0020
(3080) 0031  0000000000110001 ( 219)                 .FILL x0031
(3081) 002D  0000000000101101 ( 219)                 .FILL x002D
(3082) 0064  0000000001100100 ( 219)                 .FILL x0064
(3083) 0069  0000000001101001 ( 219)                 .FILL x0069
(3084) 0067  0000000001100111 ( 219)                 .FILL x0067
(3085) 0069  0000000001101001 ( 219)                 .FILL x0069
(3086) 0074  0000000001110100 ( 219)                 .FILL x0074
(3087) 0020  0000000000100000 ( 219)                 .FILL x0020
(3088) 006E  0000000001101110 ( 219)                 .FILL x006E
(3089) 0075  0000000001110101 ( 219)                 .FILL x0075
(308A) 006D  0000000001101101 ( 219)                 .FILL x006D
(308B) 0062  0000000001100010 ( 219)                 .FILL x0062
(308C) 0065  0000000001100101 ( 219)                 .FILL x0065
(308D) 0072  0000000001110010 ( 219)                 .FILL x0072
(308E) 003A  0000000000111010 ( 219)                 .FILL x003A
(308F) 0020  0000000000100000 ( 219)                 .FILL x0020
(3090) 000A  0000000000001010 ( 219)                 .FILL x000A
(3091) 0000  0000000000000000 ( 219)                 .FILL x0000
(3092) 000A  0000000000001010 ( 221) NEWLINE         .FILL x000A
(3093) 0054  0000000001010100 ( 221)                 .FILL x0054
(3094) 0068  0000000001101000 ( 221)                 .FILL x0068
(3095) 0065  0000000001100101 ( 221)                 .FILL x0065
(3096) 0020  0000000000100000 ( 221)                 .FILL x0020
(3097) 006E  0000000001101110 ( 221)                 .FILL x006E
(3098) 0075  0000000001110101 ( 221)                 .FILL x0075
(3099) 006D  0000000001101101 ( 221)                 .FILL x006D
(309A) 0062  0000000001100010 ( 221)                 .FILL x0062
(309B) 0065  0000000001100101 ( 221)                 .FILL x0065
(309C) 0072  0000000001110010 ( 221)                 .FILL x0072
(309D) 0020  0000000000100000 ( 221)                 .FILL x0020
(309E) 0079  0000000001111001 ( 221)                 .FILL x0079
(309F) 006F  0000000001101111 ( 221)                 .FILL x006F
(30A0) 0075  0000000001110101 ( 221)                 .FILL x0075
(30A1) 0020  0000000000100000 ( 221)                 .FILL x0020
(30A2) 0065  0000000001100101 ( 221)                 .FILL x0065
(30A3) 006E  0000000001101110 ( 221)                 .FILL x006E
(30A4) 0074  0000000001110100 ( 221)                 .FILL x0074
(30A5) 0065  0000000001100101 ( 221)                 .FILL x0065
(30A6) 0072  0000000001110010 ( 221)                 .FILL x0072
(30A7) 0065  0000000001100101 ( 221)                 .FILL x0065
(30A8) 0064  0000000001100100 ( 221)                 .FILL x0064
(30A9) 0020  0000000000100000 ( 221)                 .FILL x0020
(30AA) 0069  0000000001101001 ( 221)                 .FILL x0069
(30AB) 0073  0000000001110011 ( 221)                 .FILL x0073
(30AC) 003A  0000000000111010 ( 221)                 .FILL x003A
(30AD) 0020  0000000000100000 ( 221)                 .FILL x0020
(30AE) 0000  0000000000000000 ( 221)                 .FILL x0000
(30AF) 000A  0000000000001010 ( 223) MULT_RESULT     .FILL x000A
(30B0) 0054  0000000001010100 ( 223)                 .FILL x0054
(30B1) 0068  0000000001101000 ( 223)                 .FILL x0068
(30B2) 0065  0000000001100101 ( 223)                 .FILL x0065
(30B3) 0020  0000000000100000 ( 223)                 .FILL x0020
(30B4) 004D  0000000001001101 ( 223)                 .FILL x004D
(30B5) 0055  0000000001010101 ( 223)                 .FILL x0055
(30B6) 004C  0000000001001100 ( 223)                 .FILL x004C
(30B7) 0054  0000000001010100 ( 223)                 .FILL x0054
(30B8) 0049  0000000001001001 ( 223)                 .FILL x0049
(30B9) 0050  0000000001010000 ( 223)                 .FILL x0050
(30BA) 004C  0000000001001100 ( 223)                 .FILL x004C
(30BB) 0049  0000000001001001 ( 223)                 .FILL x0049
(30BC) 0043  0000000001000011 ( 223)                 .FILL x0043
(30BD) 0041  0000000001000001 ( 223)                 .FILL x0041
(30BE) 0054  0000000001010100 ( 223)                 .FILL x0054
(30BF) 0049  0000000001001001 ( 223)                 .FILL x0049
(30C0) 004F  0000000001001111 ( 223)                 .FILL x004F
(30C1) 004E  0000000001001110 ( 223)                 .FILL x004E
(30C2) 0020  0000000000100000 ( 223)                 .FILL x0020
(30C3) 0072  0000000001110010 ( 223)                 .FILL x0072
(30C4) 0065  0000000001100101 ( 223)                 .FILL x0065
(30C5) 0073  0000000001110011 ( 223)                 .FILL x0073
(30C6) 0075  0000000001110101 ( 223)                 .FILL x0075
(30C7) 006C  0000000001101100 ( 223)                 .FILL x006C
(30C8) 0074  0000000001110100 ( 223)                 .FILL x0074
(30C9) 0020  0000000000100000 ( 223)                 .FILL x0020
(30CA) 006F  0000000001101111 ( 223)                 .FILL x006F
(30CB) 0066  0000000001100110 ( 223)                 .FILL x0066
(30CC) 0020  0000000000100000 ( 223)                 .FILL x0020
(30CD) 0074  0000000001110100 ( 223)                 .FILL x0074
(30CE) 0068  0000000001101000 ( 223)                 .FILL x0068
(30CF) 0065  0000000001100101 ( 223)                 .FILL x0065
(30D0) 0073  0000000001110011 ( 223)                 .FILL x0073
(30D1) 0065  0000000001100101 ( 223)                 .FILL x0065
(30D2) 0020  0000000000100000 ( 223)                 .FILL x0020
(30D3) 0074  0000000001110100 ( 223)                 .FILL x0074
(30D4) 0077  0000000001110111 ( 223)                 .FILL x0077
(30D5) 006F  0000000001101111 ( 223)                 .FILL x006F
(30D6) 0020  0000000000100000 ( 223)                 .FILL x0020
(30D7) 006E  0000000001101110 ( 223)                 .FILL x006E
(30D8) 0075  0000000001110101 ( 223)                 .FILL x0075
(30D9) 006D  0000000001101101 ( 223)                 .FILL x006D
(30DA) 0062  0000000001100010 ( 223)                 .FILL x0062
(30DB) 0065  0000000001100101 ( 223)                 .FILL x0065
(30DC) 0072  0000000001110010 ( 223)                 .FILL x0072
(30DD) 0073  0000000001110011 ( 223)                 .FILL x0073
(30DE) 0020  0000000000100000 ( 223)                 .FILL x0020
(30DF) 0069  0000000001101001 ( 223)                 .FILL x0069
(30E0) 0073  0000000001110011 ( 223)                 .FILL x0073
(30E1) 003A  0000000000111010 ( 223)                 .FILL x003A
(30E2) 0020  0000000000100000 ( 223)                 .FILL x0020
(30E3) 000A  0000000000001010 ( 223)                 .FILL x000A
(30E4) 0000  0000000000000000 ( 223)                 .FILL x0000
(30E5) 3101  0011000100000001 ( 228) MULTIPLICATION  .FILL x3101
(30E6) 4100  0100000100000000 ( 229) USERINPUT1      .FILL x4100
(30E7) 4101  0100000100000001 ( 231) USERINPUT2      .FILL x4101
(30E8) 0030  0000000000110000 ( 233) ASCII           .FILL x0030
(30E9) FFD0  1111111111010000 ( 234) ASCII_OFFSET    .FILL xFFD0
(30EA) 2001  0010000000000001 ( 235) FIRST           .FILL x2001
(30EB) 2000  0010000000000000 ( 236) SECOND          .FILL x2000
